[INFO] 2025-12-22 01:04:56 - Öğrenci güncellendi: Ahmet Demir (ID: 5)
[INFO] 2025-12-22 01:05:03 - Öğrenci güncellendi: Ahmet Demir (ID: 5)
[INFO] 2025-12-22 01:08:12 - Öğrenci güncellendi: Ahmet Demir (ID: 5)
[INFO] 2025-12-22 01:08:19 - Öğrenci güncellendi: Elif Öztürk (ID: 8)
[INFO] 2025-12-22 01:47:15 - BulkSetTeacherAvailability başladı: TeacherId=6
[INFO] 2025-12-22 01:47:15 - SlotsJson: [{"DayOfWeek":1,"TimeSlotId":1},{"DayOfWeek":2,"TimeSlotId":1},{"DayOfWeek":3,"TimeSlotId":1},{"DayOfWeek":4,"TimeSlotId":1},{"DayOfWeek":5,"TimeSlotId":1},{"DayOfWeek":6,"TimeSlotId":1},{"DayOfWeek":7,"TimeSlotId":1},{"DayOfWeek":1,"TimeSlotId":2},{"DayOfWeek":2,"TimeSlotId":2},{"DayOfWeek":3,"TimeSlotId":2},{"DayOfWeek":4,"TimeSlotId":2},{"DayOfWeek":5,"TimeSlotId":2},{"DayOfWeek":6,"TimeSlotId":2},{"DayOfWeek":7,"TimeSlotId":2},{"DayOfWeek":1,"TimeSlotId":4},{"DayOfWeek":2,"TimeSlotId":4},{"DayOfWeek":3,"TimeSlotId":4},{"DayOfWeek":4,"TimeSlotId":4},{"DayOfWeek":5,"TimeSlotId":4},{"DayOfWeek":6,"TimeSlotId":4},{"DayOfWeek":7,"TimeSlotId":4},{"DayOfWeek":1,"TimeSlotId":5},{"DayOfWeek":2,"TimeSlotId":5},{"DayOfWeek":3,"TimeSlotId":5},{"DayOfWeek":4,"TimeSlotId":5},{"DayOfWeek":5,"TimeSlotId":5},{"DayOfWeek":6,"TimeSlotId":5},{"DayOfWeek":7,"TimeSlotId":5},{"DayOfWeek":1,"TimeSlotId":7},{"DayOfWeek":2,"TimeSlotId":7},{"DayOfWeek":3,"TimeSlotId":7},{"DayOfWeek":4,"TimeSlotId":7},{"DayOfWeek":5,"TimeSlotId":7},{"DayOfWeek":6,"TimeSlotId":7},{"DayOfWeek":7,"TimeSlotId":7},{"DayOfWeek":1,"TimeSlotId":8},{"DayOfWeek":2,"TimeSlotId":8},{"DayOfWeek":3,"TimeSlotId":8},{"DayOfWeek":4,"TimeSlotId":8},{"DayOfWeek":5,"TimeSlotId":8},{"DayOfWeek":6,"TimeSlotId":8},{"DayOfWeek":7,"TimeSlotId":8},{"DayOfWeek":1,"TimeSlotId":10},{"DayOfWeek":2,"TimeSlotId":10},{"DayOfWeek":3,"TimeSlotId":10},{"DayOfWeek":4,"TimeSlotId":10},{"DayOfWeek":5,"TimeSlotId":10},{"DayOfWeek":6,"TimeSlotId":10},{"DayOfWeek":7,"TimeSlotId":10},{"DayOfWeek":1,"TimeSlotId":11},{"DayOfWeek":2,"TimeSlotId":11},{"DayOfWeek":3,"TimeSlotId":11},{"DayOfWeek":4,"TimeSlotId":11},{"DayOfWeek":5,"TimeSlotId":11},{"DayOfWeek":6,"TimeSlotId":11},{"DayOfWeek":7,"TimeSlotId":11},{"DayOfWeek":1,"TimeSlotId":13},{"DayOfWeek":2,"TimeSlotId":13},{"DayOfWeek":3,"TimeSlotId":13},{"DayOfWeek":4,"TimeSlotId":13},{"DayOfWeek":5,"TimeSlotId":13},{"DayOfWeek":6,"TimeSlotId":13},{"DayOfWeek":7,"TimeSlotId":13},{"DayOfWeek":1,"TimeSlotId":14},{"DayOfWeek":2,"TimeSlotId":14},{"DayOfWeek":3,"TimeSlotId":14},{"DayOfWeek":4,"TimeSlotId":14},{"DayOfWeek":5,"TimeSlotId":14},{"DayOfWeek":6,"TimeSlotId":14},{"DayOfWeek":7,"TimeSlotId":14}]
[INFO] 2025-12-22 01:47:16 - Decode edilen slot sayısı: 70
[INFO] 2025-12-22 01:47:16 - Silinen mevcut kayıt sayısı: 0
[INFO] 2025-12-22 01:47:16 - Eklenen müsaitlik: TeacherId=6, Day=1, TimeSlot=1
[INFO] 2025-12-22 01:47:16 - Eklenen müsaitlik: TeacherId=6, Day=2, TimeSlot=1
[INFO] 2025-12-22 01:47:16 - Eklenen müsaitlik: TeacherId=6, Day=3, TimeSlot=1
[INFO] 2025-12-22 01:47:16 - Eklenen müsaitlik: TeacherId=6, Day=4, TimeSlot=1
[INFO] 2025-12-22 01:47:16 - Eklenen müsaitlik: TeacherId=6, Day=5, TimeSlot=1
[INFO] 2025-12-22 01:47:16 - Eklenen müsaitlik: TeacherId=6, Day=6, TimeSlot=1
[INFO] 2025-12-22 01:47:16 - Eklenen müsaitlik: TeacherId=6, Day=7, TimeSlot=1
[INFO] 2025-12-22 01:47:16 - Eklenen müsaitlik: TeacherId=6, Day=1, TimeSlot=2
[INFO] 2025-12-22 01:47:16 - Eklenen müsaitlik: TeacherId=6, Day=2, TimeSlot=2
[INFO] 2025-12-22 01:47:16 - Eklenen müsaitlik: TeacherId=6, Day=3, TimeSlot=2
[INFO] 2025-12-22 01:47:16 - Eklenen müsaitlik: TeacherId=6, Day=4, TimeSlot=2
[INFO] 2025-12-22 01:47:16 - Eklenen müsaitlik: TeacherId=6, Day=5, TimeSlot=2
[INFO] 2025-12-22 01:47:16 - Eklenen müsaitlik: TeacherId=6, Day=6, TimeSlot=2
[INFO] 2025-12-22 01:47:16 - Eklenen müsaitlik: TeacherId=6, Day=7, TimeSlot=2
[INFO] 2025-12-22 01:47:16 - Eklenen müsaitlik: TeacherId=6, Day=1, TimeSlot=4
[INFO] 2025-12-22 01:47:16 - Eklenen müsaitlik: TeacherId=6, Day=2, TimeSlot=4
[INFO] 2025-12-22 01:47:16 - Eklenen müsaitlik: TeacherId=6, Day=3, TimeSlot=4
[INFO] 2025-12-22 01:47:16 - Eklenen müsaitlik: TeacherId=6, Day=4, TimeSlot=4
[INFO] 2025-12-22 01:47:16 - Eklenen müsaitlik: TeacherId=6, Day=5, TimeSlot=4
[INFO] 2025-12-22 01:47:16 - Eklenen müsaitlik: TeacherId=6, Day=6, TimeSlot=4
[INFO] 2025-12-22 01:47:16 - Eklenen müsaitlik: TeacherId=6, Day=7, TimeSlot=4
[INFO] 2025-12-22 01:47:16 - Eklenen müsaitlik: TeacherId=6, Day=1, TimeSlot=5
[INFO] 2025-12-22 01:47:16 - Eklenen müsaitlik: TeacherId=6, Day=2, TimeSlot=5
[INFO] 2025-12-22 01:47:16 - Eklenen müsaitlik: TeacherId=6, Day=3, TimeSlot=5
[INFO] 2025-12-22 01:47:16 - Eklenen müsaitlik: TeacherId=6, Day=4, TimeSlot=5
[INFO] 2025-12-22 01:47:16 - Eklenen müsaitlik: TeacherId=6, Day=5, TimeSlot=5
[INFO] 2025-12-22 01:47:16 - Eklenen müsaitlik: TeacherId=6, Day=6, TimeSlot=5
[INFO] 2025-12-22 01:47:16 - Eklenen müsaitlik: TeacherId=6, Day=7, TimeSlot=5
[INFO] 2025-12-22 01:47:16 - Eklenen müsaitlik: TeacherId=6, Day=1, TimeSlot=7
[INFO] 2025-12-22 01:47:16 - Eklenen müsaitlik: TeacherId=6, Day=2, TimeSlot=7
[INFO] 2025-12-22 01:47:16 - Eklenen müsaitlik: TeacherId=6, Day=3, TimeSlot=7
[INFO] 2025-12-22 01:47:16 - Eklenen müsaitlik: TeacherId=6, Day=4, TimeSlot=7
[INFO] 2025-12-22 01:47:16 - Eklenen müsaitlik: TeacherId=6, Day=5, TimeSlot=7
[INFO] 2025-12-22 01:47:16 - Eklenen müsaitlik: TeacherId=6, Day=6, TimeSlot=7
[INFO] 2025-12-22 01:47:16 - Eklenen müsaitlik: TeacherId=6, Day=7, TimeSlot=7
[INFO] 2025-12-22 01:47:16 - Eklenen müsaitlik: TeacherId=6, Day=1, TimeSlot=8
[INFO] 2025-12-22 01:47:16 - Eklenen müsaitlik: TeacherId=6, Day=2, TimeSlot=8
[INFO] 2025-12-22 01:47:16 - Eklenen müsaitlik: TeacherId=6, Day=3, TimeSlot=8
[INFO] 2025-12-22 01:47:16 - Eklenen müsaitlik: TeacherId=6, Day=4, TimeSlot=8
[INFO] 2025-12-22 01:47:16 - Eklenen müsaitlik: TeacherId=6, Day=5, TimeSlot=8
[INFO] 2025-12-22 01:47:16 - Eklenen müsaitlik: TeacherId=6, Day=6, TimeSlot=8
[INFO] 2025-12-22 01:47:16 - Eklenen müsaitlik: TeacherId=6, Day=7, TimeSlot=8
[INFO] 2025-12-22 01:47:16 - Eklenen müsaitlik: TeacherId=6, Day=1, TimeSlot=10
[INFO] 2025-12-22 01:47:16 - Eklenen müsaitlik: TeacherId=6, Day=2, TimeSlot=10
[INFO] 2025-12-22 01:47:16 - Eklenen müsaitlik: TeacherId=6, Day=3, TimeSlot=10
[INFO] 2025-12-22 01:47:16 - Eklenen müsaitlik: TeacherId=6, Day=4, TimeSlot=10
[INFO] 2025-12-22 01:47:16 - Eklenen müsaitlik: TeacherId=6, Day=5, TimeSlot=10
[INFO] 2025-12-22 01:47:16 - Eklenen müsaitlik: TeacherId=6, Day=6, TimeSlot=10
[INFO] 2025-12-22 01:47:16 - Eklenen müsaitlik: TeacherId=6, Day=7, TimeSlot=10
[INFO] 2025-12-22 01:47:16 - Eklenen müsaitlik: TeacherId=6, Day=1, TimeSlot=11
[INFO] 2025-12-22 01:47:16 - Eklenen müsaitlik: TeacherId=6, Day=2, TimeSlot=11
[INFO] 2025-12-22 01:47:16 - Eklenen müsaitlik: TeacherId=6, Day=3, TimeSlot=11
[INFO] 2025-12-22 01:47:16 - Eklenen müsaitlik: TeacherId=6, Day=4, TimeSlot=11
[INFO] 2025-12-22 01:47:16 - Eklenen müsaitlik: TeacherId=6, Day=5, TimeSlot=11
[INFO] 2025-12-22 01:47:16 - Eklenen müsaitlik: TeacherId=6, Day=6, TimeSlot=11
[INFO] 2025-12-22 01:47:16 - Eklenen müsaitlik: TeacherId=6, Day=7, TimeSlot=11
[INFO] 2025-12-22 01:47:16 - Eklenen müsaitlik: TeacherId=6, Day=1, TimeSlot=13
[INFO] 2025-12-22 01:47:16 - Eklenen müsaitlik: TeacherId=6, Day=2, TimeSlot=13
[INFO] 2025-12-22 01:47:16 - Eklenen müsaitlik: TeacherId=6, Day=3, TimeSlot=13
[INFO] 2025-12-22 01:47:16 - Eklenen müsaitlik: TeacherId=6, Day=4, TimeSlot=13
[INFO] 2025-12-22 01:47:16 - Eklenen müsaitlik: TeacherId=6, Day=5, TimeSlot=13
[INFO] 2025-12-22 01:47:16 - Eklenen müsaitlik: TeacherId=6, Day=6, TimeSlot=13
[INFO] 2025-12-22 01:47:16 - Eklenen müsaitlik: TeacherId=6, Day=7, TimeSlot=13
[INFO] 2025-12-22 01:47:16 - Eklenen müsaitlik: TeacherId=6, Day=1, TimeSlot=14
[INFO] 2025-12-22 01:47:16 - Eklenen müsaitlik: TeacherId=6, Day=2, TimeSlot=14
[INFO] 2025-12-22 01:47:16 - Eklenen müsaitlik: TeacherId=6, Day=3, TimeSlot=14
[INFO] 2025-12-22 01:47:16 - Eklenen müsaitlik: TeacherId=6, Day=4, TimeSlot=14
[INFO] 2025-12-22 01:47:16 - Eklenen müsaitlik: TeacherId=6, Day=5, TimeSlot=14
[INFO] 2025-12-22 01:47:16 - Eklenen müsaitlik: TeacherId=6, Day=6, TimeSlot=14
[INFO] 2025-12-22 01:47:16 - Eklenen müsaitlik: TeacherId=6, Day=7, TimeSlot=14
[INFO] 2025-12-22 01:47:16 - SaveChanges başarılı! Toplam 70 kayıt eklendi.
[INFO] 2025-12-22 01:47:16 - Veritabanında kayıtlı müsaitlik sayısı: 70
[INFO] 2025-12-22 01:47:25 - BulkSetTeacherAvailability başladı: TeacherId=3
[INFO] 2025-12-22 01:47:25 - SlotsJson: [{"DayOfWeek":1,"TimeSlotId":1},{"DayOfWeek":2,"TimeSlotId":1},{"DayOfWeek":3,"TimeSlotId":1},{"DayOfWeek":4,"TimeSlotId":1},{"DayOfWeek":5,"TimeSlotId":1},{"DayOfWeek":6,"TimeSlotId":1},{"DayOfWeek":7,"TimeSlotId":1},{"DayOfWeek":1,"TimeSlotId":2},{"DayOfWeek":2,"TimeSlotId":2},{"DayOfWeek":3,"TimeSlotId":2},{"DayOfWeek":4,"TimeSlotId":2},{"DayOfWeek":5,"TimeSlotId":2},{"DayOfWeek":6,"TimeSlotId":2},{"DayOfWeek":7,"TimeSlotId":2},{"DayOfWeek":1,"TimeSlotId":4},{"DayOfWeek":2,"TimeSlotId":4},{"DayOfWeek":3,"TimeSlotId":4},{"DayOfWeek":4,"TimeSlotId":4},{"DayOfWeek":5,"TimeSlotId":4},{"DayOfWeek":6,"TimeSlotId":4},{"DayOfWeek":7,"TimeSlotId":4},{"DayOfWeek":1,"TimeSlotId":5},{"DayOfWeek":2,"TimeSlotId":5},{"DayOfWeek":3,"TimeSlotId":5},{"DayOfWeek":4,"TimeSlotId":5},{"DayOfWeek":5,"TimeSlotId":5},{"DayOfWeek":6,"TimeSlotId":5},{"DayOfWeek":7,"TimeSlotId":5},{"DayOfWeek":1,"TimeSlotId":7},{"DayOfWeek":2,"TimeSlotId":7},{"DayOfWeek":3,"TimeSlotId":7},{"DayOfWeek":4,"TimeSlotId":7},{"DayOfWeek":5,"TimeSlotId":7},{"DayOfWeek":6,"TimeSlotId":7},{"DayOfWeek":7,"TimeSlotId":7},{"DayOfWeek":1,"TimeSlotId":8},{"DayOfWeek":2,"TimeSlotId":8},{"DayOfWeek":3,"TimeSlotId":8},{"DayOfWeek":4,"TimeSlotId":8},{"DayOfWeek":5,"TimeSlotId":8},{"DayOfWeek":6,"TimeSlotId":8},{"DayOfWeek":7,"TimeSlotId":8},{"DayOfWeek":1,"TimeSlotId":10},{"DayOfWeek":2,"TimeSlotId":10},{"DayOfWeek":3,"TimeSlotId":10},{"DayOfWeek":4,"TimeSlotId":10},{"DayOfWeek":5,"TimeSlotId":10},{"DayOfWeek":6,"TimeSlotId":10},{"DayOfWeek":7,"TimeSlotId":10},{"DayOfWeek":1,"TimeSlotId":11},{"DayOfWeek":2,"TimeSlotId":11},{"DayOfWeek":3,"TimeSlotId":11},{"DayOfWeek":4,"TimeSlotId":11},{"DayOfWeek":5,"TimeSlotId":11},{"DayOfWeek":6,"TimeSlotId":11},{"DayOfWeek":7,"TimeSlotId":11},{"DayOfWeek":1,"TimeSlotId":13},{"DayOfWeek":2,"TimeSlotId":13},{"DayOfWeek":3,"TimeSlotId":13},{"DayOfWeek":4,"TimeSlotId":13},{"DayOfWeek":5,"TimeSlotId":13},{"DayOfWeek":6,"TimeSlotId":13},{"DayOfWeek":7,"TimeSlotId":13},{"DayOfWeek":1,"TimeSlotId":14},{"DayOfWeek":2,"TimeSlotId":14},{"DayOfWeek":3,"TimeSlotId":14},{"DayOfWeek":4,"TimeSlotId":14},{"DayOfWeek":5,"TimeSlotId":14},{"DayOfWeek":6,"TimeSlotId":14},{"DayOfWeek":7,"TimeSlotId":14}]
[INFO] 2025-12-22 01:47:25 - Decode edilen slot sayısı: 70
[INFO] 2025-12-22 01:47:25 - Silinen mevcut kayıt sayısı: 0
[INFO] 2025-12-22 01:47:25 - Eklenen müsaitlik: TeacherId=3, Day=1, TimeSlot=1
[INFO] 2025-12-22 01:47:25 - Eklenen müsaitlik: TeacherId=3, Day=2, TimeSlot=1
[INFO] 2025-12-22 01:47:25 - Eklenen müsaitlik: TeacherId=3, Day=3, TimeSlot=1
[INFO] 2025-12-22 01:47:25 - Eklenen müsaitlik: TeacherId=3, Day=4, TimeSlot=1
[INFO] 2025-12-22 01:47:25 - Eklenen müsaitlik: TeacherId=3, Day=5, TimeSlot=1
[INFO] 2025-12-22 01:47:25 - Eklenen müsaitlik: TeacherId=3, Day=6, TimeSlot=1
[INFO] 2025-12-22 01:47:25 - Eklenen müsaitlik: TeacherId=3, Day=7, TimeSlot=1
[INFO] 2025-12-22 01:47:25 - Eklenen müsaitlik: TeacherId=3, Day=1, TimeSlot=2
[INFO] 2025-12-22 01:47:25 - Eklenen müsaitlik: TeacherId=3, Day=2, TimeSlot=2
[INFO] 2025-12-22 01:47:25 - Eklenen müsaitlik: TeacherId=3, Day=3, TimeSlot=2
[INFO] 2025-12-22 01:47:25 - Eklenen müsaitlik: TeacherId=3, Day=4, TimeSlot=2
[INFO] 2025-12-22 01:47:25 - Eklenen müsaitlik: TeacherId=3, Day=5, TimeSlot=2
[INFO] 2025-12-22 01:47:25 - Eklenen müsaitlik: TeacherId=3, Day=6, TimeSlot=2
[INFO] 2025-12-22 01:47:25 - Eklenen müsaitlik: TeacherId=3, Day=7, TimeSlot=2
[INFO] 2025-12-22 01:47:25 - Eklenen müsaitlik: TeacherId=3, Day=1, TimeSlot=4
[INFO] 2025-12-22 01:47:25 - Eklenen müsaitlik: TeacherId=3, Day=2, TimeSlot=4
[INFO] 2025-12-22 01:47:25 - Eklenen müsaitlik: TeacherId=3, Day=3, TimeSlot=4
[INFO] 2025-12-22 01:47:25 - Eklenen müsaitlik: TeacherId=3, Day=4, TimeSlot=4
[INFO] 2025-12-22 01:47:25 - Eklenen müsaitlik: TeacherId=3, Day=5, TimeSlot=4
[INFO] 2025-12-22 01:47:25 - Eklenen müsaitlik: TeacherId=3, Day=6, TimeSlot=4
[INFO] 2025-12-22 01:47:25 - Eklenen müsaitlik: TeacherId=3, Day=7, TimeSlot=4
[INFO] 2025-12-22 01:47:25 - Eklenen müsaitlik: TeacherId=3, Day=1, TimeSlot=5
[INFO] 2025-12-22 01:47:25 - Eklenen müsaitlik: TeacherId=3, Day=2, TimeSlot=5
[INFO] 2025-12-22 01:47:25 - Eklenen müsaitlik: TeacherId=3, Day=3, TimeSlot=5
[INFO] 2025-12-22 01:47:25 - Eklenen müsaitlik: TeacherId=3, Day=4, TimeSlot=5
[INFO] 2025-12-22 01:47:25 - Eklenen müsaitlik: TeacherId=3, Day=5, TimeSlot=5
[INFO] 2025-12-22 01:47:25 - Eklenen müsaitlik: TeacherId=3, Day=6, TimeSlot=5
[INFO] 2025-12-22 01:47:25 - Eklenen müsaitlik: TeacherId=3, Day=7, TimeSlot=5
[INFO] 2025-12-22 01:47:25 - Eklenen müsaitlik: TeacherId=3, Day=1, TimeSlot=7
[INFO] 2025-12-22 01:47:25 - Eklenen müsaitlik: TeacherId=3, Day=2, TimeSlot=7
[INFO] 2025-12-22 01:47:25 - Eklenen müsaitlik: TeacherId=3, Day=3, TimeSlot=7
[INFO] 2025-12-22 01:47:25 - Eklenen müsaitlik: TeacherId=3, Day=4, TimeSlot=7
[INFO] 2025-12-22 01:47:25 - Eklenen müsaitlik: TeacherId=3, Day=5, TimeSlot=7
[INFO] 2025-12-22 01:47:25 - Eklenen müsaitlik: TeacherId=3, Day=6, TimeSlot=7
[INFO] 2025-12-22 01:47:25 - Eklenen müsaitlik: TeacherId=3, Day=7, TimeSlot=7
[INFO] 2025-12-22 01:47:25 - Eklenen müsaitlik: TeacherId=3, Day=1, TimeSlot=8
[INFO] 2025-12-22 01:47:25 - Eklenen müsaitlik: TeacherId=3, Day=2, TimeSlot=8
[INFO] 2025-12-22 01:47:25 - Eklenen müsaitlik: TeacherId=3, Day=3, TimeSlot=8
[INFO] 2025-12-22 01:47:25 - Eklenen müsaitlik: TeacherId=3, Day=4, TimeSlot=8
[INFO] 2025-12-22 01:47:25 - Eklenen müsaitlik: TeacherId=3, Day=5, TimeSlot=8
[INFO] 2025-12-22 01:47:25 - Eklenen müsaitlik: TeacherId=3, Day=6, TimeSlot=8
[INFO] 2025-12-22 01:47:25 - Eklenen müsaitlik: TeacherId=3, Day=7, TimeSlot=8
[INFO] 2025-12-22 01:47:25 - Eklenen müsaitlik: TeacherId=3, Day=1, TimeSlot=10
[INFO] 2025-12-22 01:47:25 - Eklenen müsaitlik: TeacherId=3, Day=2, TimeSlot=10
[INFO] 2025-12-22 01:47:25 - Eklenen müsaitlik: TeacherId=3, Day=3, TimeSlot=10
[INFO] 2025-12-22 01:47:25 - Eklenen müsaitlik: TeacherId=3, Day=4, TimeSlot=10
[INFO] 2025-12-22 01:47:25 - Eklenen müsaitlik: TeacherId=3, Day=5, TimeSlot=10
[INFO] 2025-12-22 01:47:25 - Eklenen müsaitlik: TeacherId=3, Day=6, TimeSlot=10
[INFO] 2025-12-22 01:47:25 - Eklenen müsaitlik: TeacherId=3, Day=7, TimeSlot=10
[INFO] 2025-12-22 01:47:25 - Eklenen müsaitlik: TeacherId=3, Day=1, TimeSlot=11
[INFO] 2025-12-22 01:47:25 - Eklenen müsaitlik: TeacherId=3, Day=2, TimeSlot=11
[INFO] 2025-12-22 01:47:25 - Eklenen müsaitlik: TeacherId=3, Day=3, TimeSlot=11
[INFO] 2025-12-22 01:47:25 - Eklenen müsaitlik: TeacherId=3, Day=4, TimeSlot=11
[INFO] 2025-12-22 01:47:25 - Eklenen müsaitlik: TeacherId=3, Day=5, TimeSlot=11
[INFO] 2025-12-22 01:47:25 - Eklenen müsaitlik: TeacherId=3, Day=6, TimeSlot=11
[INFO] 2025-12-22 01:47:25 - Eklenen müsaitlik: TeacherId=3, Day=7, TimeSlot=11
[INFO] 2025-12-22 01:47:25 - Eklenen müsaitlik: TeacherId=3, Day=1, TimeSlot=13
[INFO] 2025-12-22 01:47:25 - Eklenen müsaitlik: TeacherId=3, Day=2, TimeSlot=13
[INFO] 2025-12-22 01:47:25 - Eklenen müsaitlik: TeacherId=3, Day=3, TimeSlot=13
[INFO] 2025-12-22 01:47:25 - Eklenen müsaitlik: TeacherId=3, Day=4, TimeSlot=13
[INFO] 2025-12-22 01:47:25 - Eklenen müsaitlik: TeacherId=3, Day=5, TimeSlot=13
[INFO] 2025-12-22 01:47:25 - Eklenen müsaitlik: TeacherId=3, Day=6, TimeSlot=13
[INFO] 2025-12-22 01:47:25 - Eklenen müsaitlik: TeacherId=3, Day=7, TimeSlot=13
[INFO] 2025-12-22 01:47:25 - Eklenen müsaitlik: TeacherId=3, Day=1, TimeSlot=14
[INFO] 2025-12-22 01:47:25 - Eklenen müsaitlik: TeacherId=3, Day=2, TimeSlot=14
[INFO] 2025-12-22 01:47:25 - Eklenen müsaitlik: TeacherId=3, Day=3, TimeSlot=14
[INFO] 2025-12-22 01:47:25 - Eklenen müsaitlik: TeacherId=3, Day=4, TimeSlot=14
[INFO] 2025-12-22 01:47:25 - Eklenen müsaitlik: TeacherId=3, Day=5, TimeSlot=14
[INFO] 2025-12-22 01:47:25 - Eklenen müsaitlik: TeacherId=3, Day=6, TimeSlot=14
[INFO] 2025-12-22 01:47:25 - Eklenen müsaitlik: TeacherId=3, Day=7, TimeSlot=14
[INFO] 2025-12-22 01:47:25 - SaveChanges başarılı! Toplam 70 kayıt eklendi.
[INFO] 2025-12-22 01:47:25 - Veritabanında kayıtlı müsaitlik sayısı: 70
[INFO] 2025-12-22 01:47:31 - BulkSetTeacherAvailability başladı: TeacherId=5
[INFO] 2025-12-22 01:47:31 - SlotsJson: [{"DayOfWeek":1,"TimeSlotId":1},{"DayOfWeek":2,"TimeSlotId":1},{"DayOfWeek":3,"TimeSlotId":1},{"DayOfWeek":4,"TimeSlotId":1},{"DayOfWeek":5,"TimeSlotId":1},{"DayOfWeek":6,"TimeSlotId":1},{"DayOfWeek":7,"TimeSlotId":1},{"DayOfWeek":1,"TimeSlotId":2},{"DayOfWeek":2,"TimeSlotId":2},{"DayOfWeek":3,"TimeSlotId":2},{"DayOfWeek":4,"TimeSlotId":2},{"DayOfWeek":5,"TimeSlotId":2},{"DayOfWeek":6,"TimeSlotId":2},{"DayOfWeek":7,"TimeSlotId":2},{"DayOfWeek":1,"TimeSlotId":4},{"DayOfWeek":2,"TimeSlotId":4},{"DayOfWeek":3,"TimeSlotId":4},{"DayOfWeek":4,"TimeSlotId":4},{"DayOfWeek":5,"TimeSlotId":4},{"DayOfWeek":6,"TimeSlotId":4},{"DayOfWeek":7,"TimeSlotId":4},{"DayOfWeek":1,"TimeSlotId":5},{"DayOfWeek":2,"TimeSlotId":5},{"DayOfWeek":3,"TimeSlotId":5},{"DayOfWeek":4,"TimeSlotId":5},{"DayOfWeek":5,"TimeSlotId":5},{"DayOfWeek":6,"TimeSlotId":5},{"DayOfWeek":7,"TimeSlotId":5},{"DayOfWeek":1,"TimeSlotId":7},{"DayOfWeek":2,"TimeSlotId":7},{"DayOfWeek":3,"TimeSlotId":7},{"DayOfWeek":4,"TimeSlotId":7},{"DayOfWeek":5,"TimeSlotId":7},{"DayOfWeek":6,"TimeSlotId":7},{"DayOfWeek":7,"TimeSlotId":7},{"DayOfWeek":1,"TimeSlotId":8},{"DayOfWeek":2,"TimeSlotId":8},{"DayOfWeek":3,"TimeSlotId":8},{"DayOfWeek":4,"TimeSlotId":8},{"DayOfWeek":5,"TimeSlotId":8},{"DayOfWeek":6,"TimeSlotId":8},{"DayOfWeek":7,"TimeSlotId":8},{"DayOfWeek":1,"TimeSlotId":10},{"DayOfWeek":2,"TimeSlotId":10},{"DayOfWeek":3,"TimeSlotId":10},{"DayOfWeek":4,"TimeSlotId":10},{"DayOfWeek":5,"TimeSlotId":10},{"DayOfWeek":6,"TimeSlotId":10},{"DayOfWeek":7,"TimeSlotId":10},{"DayOfWeek":1,"TimeSlotId":11},{"DayOfWeek":2,"TimeSlotId":11},{"DayOfWeek":3,"TimeSlotId":11},{"DayOfWeek":4,"TimeSlotId":11},{"DayOfWeek":5,"TimeSlotId":11},{"DayOfWeek":6,"TimeSlotId":11},{"DayOfWeek":7,"TimeSlotId":11},{"DayOfWeek":1,"TimeSlotId":13},{"DayOfWeek":2,"TimeSlotId":13},{"DayOfWeek":3,"TimeSlotId":13},{"DayOfWeek":4,"TimeSlotId":13},{"DayOfWeek":5,"TimeSlotId":13},{"DayOfWeek":6,"TimeSlotId":13},{"DayOfWeek":7,"TimeSlotId":13},{"DayOfWeek":1,"TimeSlotId":14},{"DayOfWeek":2,"TimeSlotId":14},{"DayOfWeek":3,"TimeSlotId":14},{"DayOfWeek":4,"TimeSlotId":14},{"DayOfWeek":5,"TimeSlotId":14},{"DayOfWeek":6,"TimeSlotId":14},{"DayOfWeek":7,"TimeSlotId":14}]
[INFO] 2025-12-22 01:47:31 - Decode edilen slot sayısı: 70
[INFO] 2025-12-22 01:47:31 - Silinen mevcut kayıt sayısı: 0
[INFO] 2025-12-22 01:47:31 - Eklenen müsaitlik: TeacherId=5, Day=1, TimeSlot=1
[INFO] 2025-12-22 01:47:31 - Eklenen müsaitlik: TeacherId=5, Day=2, TimeSlot=1
[INFO] 2025-12-22 01:47:31 - Eklenen müsaitlik: TeacherId=5, Day=3, TimeSlot=1
[INFO] 2025-12-22 01:47:31 - Eklenen müsaitlik: TeacherId=5, Day=4, TimeSlot=1
[INFO] 2025-12-22 01:47:31 - Eklenen müsaitlik: TeacherId=5, Day=5, TimeSlot=1
[INFO] 2025-12-22 01:47:31 - Eklenen müsaitlik: TeacherId=5, Day=6, TimeSlot=1
[INFO] 2025-12-22 01:47:31 - Eklenen müsaitlik: TeacherId=5, Day=7, TimeSlot=1
[INFO] 2025-12-22 01:47:31 - Eklenen müsaitlik: TeacherId=5, Day=1, TimeSlot=2
[INFO] 2025-12-22 01:47:31 - Eklenen müsaitlik: TeacherId=5, Day=2, TimeSlot=2
[INFO] 2025-12-22 01:47:31 - Eklenen müsaitlik: TeacherId=5, Day=3, TimeSlot=2
[INFO] 2025-12-22 01:47:31 - Eklenen müsaitlik: TeacherId=5, Day=4, TimeSlot=2
[INFO] 2025-12-22 01:47:31 - Eklenen müsaitlik: TeacherId=5, Day=5, TimeSlot=2
[INFO] 2025-12-22 01:47:31 - Eklenen müsaitlik: TeacherId=5, Day=6, TimeSlot=2
[INFO] 2025-12-22 01:47:31 - Eklenen müsaitlik: TeacherId=5, Day=7, TimeSlot=2
[INFO] 2025-12-22 01:47:31 - Eklenen müsaitlik: TeacherId=5, Day=1, TimeSlot=4
[INFO] 2025-12-22 01:47:31 - Eklenen müsaitlik: TeacherId=5, Day=2, TimeSlot=4
[INFO] 2025-12-22 01:47:31 - Eklenen müsaitlik: TeacherId=5, Day=3, TimeSlot=4
[INFO] 2025-12-22 01:47:31 - Eklenen müsaitlik: TeacherId=5, Day=4, TimeSlot=4
[INFO] 2025-12-22 01:47:31 - Eklenen müsaitlik: TeacherId=5, Day=5, TimeSlot=4
[INFO] 2025-12-22 01:47:31 - Eklenen müsaitlik: TeacherId=5, Day=6, TimeSlot=4
[INFO] 2025-12-22 01:47:31 - Eklenen müsaitlik: TeacherId=5, Day=7, TimeSlot=4
[INFO] 2025-12-22 01:47:31 - Eklenen müsaitlik: TeacherId=5, Day=1, TimeSlot=5
[INFO] 2025-12-22 01:47:31 - Eklenen müsaitlik: TeacherId=5, Day=2, TimeSlot=5
[INFO] 2025-12-22 01:47:31 - Eklenen müsaitlik: TeacherId=5, Day=3, TimeSlot=5
[INFO] 2025-12-22 01:47:31 - Eklenen müsaitlik: TeacherId=5, Day=4, TimeSlot=5
[INFO] 2025-12-22 01:47:31 - Eklenen müsaitlik: TeacherId=5, Day=5, TimeSlot=5
[INFO] 2025-12-22 01:47:31 - Eklenen müsaitlik: TeacherId=5, Day=6, TimeSlot=5
[INFO] 2025-12-22 01:47:31 - Eklenen müsaitlik: TeacherId=5, Day=7, TimeSlot=5
[INFO] 2025-12-22 01:47:31 - Eklenen müsaitlik: TeacherId=5, Day=1, TimeSlot=7
[INFO] 2025-12-22 01:47:31 - Eklenen müsaitlik: TeacherId=5, Day=2, TimeSlot=7
[INFO] 2025-12-22 01:47:31 - Eklenen müsaitlik: TeacherId=5, Day=3, TimeSlot=7
[INFO] 2025-12-22 01:47:31 - Eklenen müsaitlik: TeacherId=5, Day=4, TimeSlot=7
[INFO] 2025-12-22 01:47:31 - Eklenen müsaitlik: TeacherId=5, Day=5, TimeSlot=7
[INFO] 2025-12-22 01:47:31 - Eklenen müsaitlik: TeacherId=5, Day=6, TimeSlot=7
[INFO] 2025-12-22 01:47:31 - Eklenen müsaitlik: TeacherId=5, Day=7, TimeSlot=7
[INFO] 2025-12-22 01:47:31 - Eklenen müsaitlik: TeacherId=5, Day=1, TimeSlot=8
[INFO] 2025-12-22 01:47:31 - Eklenen müsaitlik: TeacherId=5, Day=2, TimeSlot=8
[INFO] 2025-12-22 01:47:31 - Eklenen müsaitlik: TeacherId=5, Day=3, TimeSlot=8
[INFO] 2025-12-22 01:47:31 - Eklenen müsaitlik: TeacherId=5, Day=4, TimeSlot=8
[INFO] 2025-12-22 01:47:31 - Eklenen müsaitlik: TeacherId=5, Day=5, TimeSlot=8
[INFO] 2025-12-22 01:47:31 - Eklenen müsaitlik: TeacherId=5, Day=6, TimeSlot=8
[INFO] 2025-12-22 01:47:31 - Eklenen müsaitlik: TeacherId=5, Day=7, TimeSlot=8
[INFO] 2025-12-22 01:47:31 - Eklenen müsaitlik: TeacherId=5, Day=1, TimeSlot=10
[INFO] 2025-12-22 01:47:31 - Eklenen müsaitlik: TeacherId=5, Day=2, TimeSlot=10
[INFO] 2025-12-22 01:47:31 - Eklenen müsaitlik: TeacherId=5, Day=3, TimeSlot=10
[INFO] 2025-12-22 01:47:31 - Eklenen müsaitlik: TeacherId=5, Day=4, TimeSlot=10
[INFO] 2025-12-22 01:47:31 - Eklenen müsaitlik: TeacherId=5, Day=5, TimeSlot=10
[INFO] 2025-12-22 01:47:31 - Eklenen müsaitlik: TeacherId=5, Day=6, TimeSlot=10
[INFO] 2025-12-22 01:47:31 - Eklenen müsaitlik: TeacherId=5, Day=7, TimeSlot=10
[INFO] 2025-12-22 01:47:31 - Eklenen müsaitlik: TeacherId=5, Day=1, TimeSlot=11
[INFO] 2025-12-22 01:47:31 - Eklenen müsaitlik: TeacherId=5, Day=2, TimeSlot=11
[INFO] 2025-12-22 01:47:31 - Eklenen müsaitlik: TeacherId=5, Day=3, TimeSlot=11
[INFO] 2025-12-22 01:47:31 - Eklenen müsaitlik: TeacherId=5, Day=4, TimeSlot=11
[INFO] 2025-12-22 01:47:31 - Eklenen müsaitlik: TeacherId=5, Day=5, TimeSlot=11
[INFO] 2025-12-22 01:47:31 - Eklenen müsaitlik: TeacherId=5, Day=6, TimeSlot=11
[INFO] 2025-12-22 01:47:31 - Eklenen müsaitlik: TeacherId=5, Day=7, TimeSlot=11
[INFO] 2025-12-22 01:47:31 - Eklenen müsaitlik: TeacherId=5, Day=1, TimeSlot=13
[INFO] 2025-12-22 01:47:31 - Eklenen müsaitlik: TeacherId=5, Day=2, TimeSlot=13
[INFO] 2025-12-22 01:47:31 - Eklenen müsaitlik: TeacherId=5, Day=3, TimeSlot=13
[INFO] 2025-12-22 01:47:31 - Eklenen müsaitlik: TeacherId=5, Day=4, TimeSlot=13
[INFO] 2025-12-22 01:47:31 - Eklenen müsaitlik: TeacherId=5, Day=5, TimeSlot=13
[INFO] 2025-12-22 01:47:31 - Eklenen müsaitlik: TeacherId=5, Day=6, TimeSlot=13
[INFO] 2025-12-22 01:47:31 - Eklenen müsaitlik: TeacherId=5, Day=7, TimeSlot=13
[INFO] 2025-12-22 01:47:31 - Eklenen müsaitlik: TeacherId=5, Day=1, TimeSlot=14
[INFO] 2025-12-22 01:47:31 - Eklenen müsaitlik: TeacherId=5, Day=2, TimeSlot=14
[INFO] 2025-12-22 01:47:31 - Eklenen müsaitlik: TeacherId=5, Day=3, TimeSlot=14
[INFO] 2025-12-22 01:47:31 - Eklenen müsaitlik: TeacherId=5, Day=4, TimeSlot=14
[INFO] 2025-12-22 01:47:31 - Eklenen müsaitlik: TeacherId=5, Day=5, TimeSlot=14
[INFO] 2025-12-22 01:47:31 - Eklenen müsaitlik: TeacherId=5, Day=6, TimeSlot=14
[INFO] 2025-12-22 01:47:31 - Eklenen müsaitlik: TeacherId=5, Day=7, TimeSlot=14
[INFO] 2025-12-22 01:47:31 - SaveChanges başarılı! Toplam 70 kayıt eklendi.
[INFO] 2025-12-22 01:47:31 - Veritabanında kayıtlı müsaitlik sayısı: 70
[INFO] 2025-12-22 01:47:36 - BulkSetTeacherAvailability başladı: TeacherId=4
[INFO] 2025-12-22 01:47:36 - SlotsJson: [{"DayOfWeek":1,"TimeSlotId":1},{"DayOfWeek":2,"TimeSlotId":1},{"DayOfWeek":3,"TimeSlotId":1},{"DayOfWeek":4,"TimeSlotId":1},{"DayOfWeek":5,"TimeSlotId":1},{"DayOfWeek":6,"TimeSlotId":1},{"DayOfWeek":7,"TimeSlotId":1},{"DayOfWeek":1,"TimeSlotId":2},{"DayOfWeek":2,"TimeSlotId":2},{"DayOfWeek":3,"TimeSlotId":2},{"DayOfWeek":4,"TimeSlotId":2},{"DayOfWeek":5,"TimeSlotId":2},{"DayOfWeek":6,"TimeSlotId":2},{"DayOfWeek":7,"TimeSlotId":2},{"DayOfWeek":1,"TimeSlotId":4},{"DayOfWeek":2,"TimeSlotId":4},{"DayOfWeek":3,"TimeSlotId":4},{"DayOfWeek":4,"TimeSlotId":4},{"DayOfWeek":5,"TimeSlotId":4},{"DayOfWeek":6,"TimeSlotId":4},{"DayOfWeek":7,"TimeSlotId":4},{"DayOfWeek":1,"TimeSlotId":5},{"DayOfWeek":2,"TimeSlotId":5},{"DayOfWeek":3,"TimeSlotId":5},{"DayOfWeek":4,"TimeSlotId":5},{"DayOfWeek":5,"TimeSlotId":5},{"DayOfWeek":6,"TimeSlotId":5},{"DayOfWeek":7,"TimeSlotId":5},{"DayOfWeek":1,"TimeSlotId":7},{"DayOfWeek":2,"TimeSlotId":7},{"DayOfWeek":3,"TimeSlotId":7},{"DayOfWeek":4,"TimeSlotId":7},{"DayOfWeek":5,"TimeSlotId":7},{"DayOfWeek":6,"TimeSlotId":7},{"DayOfWeek":7,"TimeSlotId":7},{"DayOfWeek":1,"TimeSlotId":8},{"DayOfWeek":2,"TimeSlotId":8},{"DayOfWeek":3,"TimeSlotId":8},{"DayOfWeek":4,"TimeSlotId":8},{"DayOfWeek":5,"TimeSlotId":8},{"DayOfWeek":6,"TimeSlotId":8},{"DayOfWeek":7,"TimeSlotId":8},{"DayOfWeek":1,"TimeSlotId":10},{"DayOfWeek":2,"TimeSlotId":10},{"DayOfWeek":3,"TimeSlotId":10},{"DayOfWeek":4,"TimeSlotId":10},{"DayOfWeek":5,"TimeSlotId":10},{"DayOfWeek":6,"TimeSlotId":10},{"DayOfWeek":7,"TimeSlotId":10},{"DayOfWeek":1,"TimeSlotId":11},{"DayOfWeek":2,"TimeSlotId":11},{"DayOfWeek":3,"TimeSlotId":11},{"DayOfWeek":4,"TimeSlotId":11},{"DayOfWeek":5,"TimeSlotId":11},{"DayOfWeek":6,"TimeSlotId":11},{"DayOfWeek":7,"TimeSlotId":11},{"DayOfWeek":1,"TimeSlotId":13},{"DayOfWeek":2,"TimeSlotId":13},{"DayOfWeek":3,"TimeSlotId":13},{"DayOfWeek":4,"TimeSlotId":13},{"DayOfWeek":5,"TimeSlotId":13},{"DayOfWeek":6,"TimeSlotId":13},{"DayOfWeek":7,"TimeSlotId":13},{"DayOfWeek":1,"TimeSlotId":14},{"DayOfWeek":2,"TimeSlotId":14},{"DayOfWeek":3,"TimeSlotId":14},{"DayOfWeek":4,"TimeSlotId":14},{"DayOfWeek":5,"TimeSlotId":14},{"DayOfWeek":6,"TimeSlotId":14},{"DayOfWeek":7,"TimeSlotId":14}]
[INFO] 2025-12-22 01:47:36 - Decode edilen slot sayısı: 70
[INFO] 2025-12-22 01:47:36 - Silinen mevcut kayıt sayısı: 0
[INFO] 2025-12-22 01:47:36 - Eklenen müsaitlik: TeacherId=4, Day=1, TimeSlot=1
[INFO] 2025-12-22 01:47:36 - Eklenen müsaitlik: TeacherId=4, Day=2, TimeSlot=1
[INFO] 2025-12-22 01:47:36 - Eklenen müsaitlik: TeacherId=4, Day=3, TimeSlot=1
[INFO] 2025-12-22 01:47:36 - Eklenen müsaitlik: TeacherId=4, Day=4, TimeSlot=1
[INFO] 2025-12-22 01:47:36 - Eklenen müsaitlik: TeacherId=4, Day=5, TimeSlot=1
[INFO] 2025-12-22 01:47:36 - Eklenen müsaitlik: TeacherId=4, Day=6, TimeSlot=1
[INFO] 2025-12-22 01:47:36 - Eklenen müsaitlik: TeacherId=4, Day=7, TimeSlot=1
[INFO] 2025-12-22 01:47:36 - Eklenen müsaitlik: TeacherId=4, Day=1, TimeSlot=2
[INFO] 2025-12-22 01:47:36 - Eklenen müsaitlik: TeacherId=4, Day=2, TimeSlot=2
[INFO] 2025-12-22 01:47:36 - Eklenen müsaitlik: TeacherId=4, Day=3, TimeSlot=2
[INFO] 2025-12-22 01:47:36 - Eklenen müsaitlik: TeacherId=4, Day=4, TimeSlot=2
[INFO] 2025-12-22 01:47:36 - Eklenen müsaitlik: TeacherId=4, Day=5, TimeSlot=2
[INFO] 2025-12-22 01:47:36 - Eklenen müsaitlik: TeacherId=4, Day=6, TimeSlot=2
[INFO] 2025-12-22 01:47:36 - Eklenen müsaitlik: TeacherId=4, Day=7, TimeSlot=2
[INFO] 2025-12-22 01:47:36 - Eklenen müsaitlik: TeacherId=4, Day=1, TimeSlot=4
[INFO] 2025-12-22 01:47:36 - Eklenen müsaitlik: TeacherId=4, Day=2, TimeSlot=4
[INFO] 2025-12-22 01:47:36 - Eklenen müsaitlik: TeacherId=4, Day=3, TimeSlot=4
[INFO] 2025-12-22 01:47:36 - Eklenen müsaitlik: TeacherId=4, Day=4, TimeSlot=4
[INFO] 2025-12-22 01:47:36 - Eklenen müsaitlik: TeacherId=4, Day=5, TimeSlot=4
[INFO] 2025-12-22 01:47:36 - Eklenen müsaitlik: TeacherId=4, Day=6, TimeSlot=4
[INFO] 2025-12-22 01:47:36 - Eklenen müsaitlik: TeacherId=4, Day=7, TimeSlot=4
[INFO] 2025-12-22 01:47:36 - Eklenen müsaitlik: TeacherId=4, Day=1, TimeSlot=5
[INFO] 2025-12-22 01:47:36 - Eklenen müsaitlik: TeacherId=4, Day=2, TimeSlot=5
[INFO] 2025-12-22 01:47:36 - Eklenen müsaitlik: TeacherId=4, Day=3, TimeSlot=5
[INFO] 2025-12-22 01:47:36 - Eklenen müsaitlik: TeacherId=4, Day=4, TimeSlot=5
[INFO] 2025-12-22 01:47:36 - Eklenen müsaitlik: TeacherId=4, Day=5, TimeSlot=5
[INFO] 2025-12-22 01:47:36 - Eklenen müsaitlik: TeacherId=4, Day=6, TimeSlot=5
[INFO] 2025-12-22 01:47:36 - Eklenen müsaitlik: TeacherId=4, Day=7, TimeSlot=5
[INFO] 2025-12-22 01:47:36 - Eklenen müsaitlik: TeacherId=4, Day=1, TimeSlot=7
[INFO] 2025-12-22 01:47:36 - Eklenen müsaitlik: TeacherId=4, Day=2, TimeSlot=7
[INFO] 2025-12-22 01:47:36 - Eklenen müsaitlik: TeacherId=4, Day=3, TimeSlot=7
[INFO] 2025-12-22 01:47:36 - Eklenen müsaitlik: TeacherId=4, Day=4, TimeSlot=7
[INFO] 2025-12-22 01:47:36 - Eklenen müsaitlik: TeacherId=4, Day=5, TimeSlot=7
[INFO] 2025-12-22 01:47:36 - Eklenen müsaitlik: TeacherId=4, Day=6, TimeSlot=7
[INFO] 2025-12-22 01:47:36 - Eklenen müsaitlik: TeacherId=4, Day=7, TimeSlot=7
[INFO] 2025-12-22 01:47:36 - Eklenen müsaitlik: TeacherId=4, Day=1, TimeSlot=8
[INFO] 2025-12-22 01:47:36 - Eklenen müsaitlik: TeacherId=4, Day=2, TimeSlot=8
[INFO] 2025-12-22 01:47:36 - Eklenen müsaitlik: TeacherId=4, Day=3, TimeSlot=8
[INFO] 2025-12-22 01:47:36 - Eklenen müsaitlik: TeacherId=4, Day=4, TimeSlot=8
[INFO] 2025-12-22 01:47:36 - Eklenen müsaitlik: TeacherId=4, Day=5, TimeSlot=8
[INFO] 2025-12-22 01:47:36 - Eklenen müsaitlik: TeacherId=4, Day=6, TimeSlot=8
[INFO] 2025-12-22 01:47:36 - Eklenen müsaitlik: TeacherId=4, Day=7, TimeSlot=8
[INFO] 2025-12-22 01:47:36 - Eklenen müsaitlik: TeacherId=4, Day=1, TimeSlot=10
[INFO] 2025-12-22 01:47:36 - Eklenen müsaitlik: TeacherId=4, Day=2, TimeSlot=10
[INFO] 2025-12-22 01:47:36 - Eklenen müsaitlik: TeacherId=4, Day=3, TimeSlot=10
[INFO] 2025-12-22 01:47:36 - Eklenen müsaitlik: TeacherId=4, Day=4, TimeSlot=10
[INFO] 2025-12-22 01:47:36 - Eklenen müsaitlik: TeacherId=4, Day=5, TimeSlot=10
[INFO] 2025-12-22 01:47:36 - Eklenen müsaitlik: TeacherId=4, Day=6, TimeSlot=10
[INFO] 2025-12-22 01:47:36 - Eklenen müsaitlik: TeacherId=4, Day=7, TimeSlot=10
[INFO] 2025-12-22 01:47:36 - Eklenen müsaitlik: TeacherId=4, Day=1, TimeSlot=11
[INFO] 2025-12-22 01:47:36 - Eklenen müsaitlik: TeacherId=4, Day=2, TimeSlot=11
[INFO] 2025-12-22 01:47:36 - Eklenen müsaitlik: TeacherId=4, Day=3, TimeSlot=11
[INFO] 2025-12-22 01:47:36 - Eklenen müsaitlik: TeacherId=4, Day=4, TimeSlot=11
[INFO] 2025-12-22 01:47:36 - Eklenen müsaitlik: TeacherId=4, Day=5, TimeSlot=11
[INFO] 2025-12-22 01:47:36 - Eklenen müsaitlik: TeacherId=4, Day=6, TimeSlot=11
[INFO] 2025-12-22 01:47:36 - Eklenen müsaitlik: TeacherId=4, Day=7, TimeSlot=11
[INFO] 2025-12-22 01:47:36 - Eklenen müsaitlik: TeacherId=4, Day=1, TimeSlot=13
[INFO] 2025-12-22 01:47:36 - Eklenen müsaitlik: TeacherId=4, Day=2, TimeSlot=13
[INFO] 2025-12-22 01:47:36 - Eklenen müsaitlik: TeacherId=4, Day=3, TimeSlot=13
[INFO] 2025-12-22 01:47:36 - Eklenen müsaitlik: TeacherId=4, Day=4, TimeSlot=13
[INFO] 2025-12-22 01:47:36 - Eklenen müsaitlik: TeacherId=4, Day=5, TimeSlot=13
[INFO] 2025-12-22 01:47:36 - Eklenen müsaitlik: TeacherId=4, Day=6, TimeSlot=13
[INFO] 2025-12-22 01:47:36 - Eklenen müsaitlik: TeacherId=4, Day=7, TimeSlot=13
[INFO] 2025-12-22 01:47:36 - Eklenen müsaitlik: TeacherId=4, Day=1, TimeSlot=14
[INFO] 2025-12-22 01:47:36 - Eklenen müsaitlik: TeacherId=4, Day=2, TimeSlot=14
[INFO] 2025-12-22 01:47:36 - Eklenen müsaitlik: TeacherId=4, Day=3, TimeSlot=14
[INFO] 2025-12-22 01:47:36 - Eklenen müsaitlik: TeacherId=4, Day=4, TimeSlot=14
[INFO] 2025-12-22 01:47:36 - Eklenen müsaitlik: TeacherId=4, Day=5, TimeSlot=14
[INFO] 2025-12-22 01:47:36 - Eklenen müsaitlik: TeacherId=4, Day=6, TimeSlot=14
[INFO] 2025-12-22 01:47:36 - Eklenen müsaitlik: TeacherId=4, Day=7, TimeSlot=14
[INFO] 2025-12-22 01:47:36 - SaveChanges başarılı! Toplam 70 kayıt eklendi.
[INFO] 2025-12-22 01:47:36 - Veritabanında kayıtlı müsaitlik sayısı: 70
[INFO] 2025-12-22 01:47:41 - BulkSetTeacherAvailability başladı: TeacherId=1
[INFO] 2025-12-22 01:47:41 - SlotsJson: [{"DayOfWeek":1,"TimeSlotId":1},{"DayOfWeek":2,"TimeSlotId":1},{"DayOfWeek":3,"TimeSlotId":1},{"DayOfWeek":4,"TimeSlotId":1},{"DayOfWeek":5,"TimeSlotId":1},{"DayOfWeek":6,"TimeSlotId":1},{"DayOfWeek":7,"TimeSlotId":1},{"DayOfWeek":1,"TimeSlotId":2},{"DayOfWeek":2,"TimeSlotId":2},{"DayOfWeek":3,"TimeSlotId":2},{"DayOfWeek":4,"TimeSlotId":2},{"DayOfWeek":5,"TimeSlotId":2},{"DayOfWeek":6,"TimeSlotId":2},{"DayOfWeek":7,"TimeSlotId":2},{"DayOfWeek":1,"TimeSlotId":4},{"DayOfWeek":2,"TimeSlotId":4},{"DayOfWeek":3,"TimeSlotId":4},{"DayOfWeek":4,"TimeSlotId":4},{"DayOfWeek":5,"TimeSlotId":4},{"DayOfWeek":6,"TimeSlotId":4},{"DayOfWeek":7,"TimeSlotId":4},{"DayOfWeek":1,"TimeSlotId":5},{"DayOfWeek":2,"TimeSlotId":5},{"DayOfWeek":3,"TimeSlotId":5},{"DayOfWeek":4,"TimeSlotId":5},{"DayOfWeek":5,"TimeSlotId":5},{"DayOfWeek":6,"TimeSlotId":5},{"DayOfWeek":7,"TimeSlotId":5},{"DayOfWeek":1,"TimeSlotId":7},{"DayOfWeek":2,"TimeSlotId":7},{"DayOfWeek":3,"TimeSlotId":7},{"DayOfWeek":4,"TimeSlotId":7},{"DayOfWeek":5,"TimeSlotId":7},{"DayOfWeek":6,"TimeSlotId":7},{"DayOfWeek":7,"TimeSlotId":7},{"DayOfWeek":1,"TimeSlotId":8},{"DayOfWeek":2,"TimeSlotId":8},{"DayOfWeek":3,"TimeSlotId":8},{"DayOfWeek":4,"TimeSlotId":8},{"DayOfWeek":5,"TimeSlotId":8},{"DayOfWeek":6,"TimeSlotId":8},{"DayOfWeek":7,"TimeSlotId":8},{"DayOfWeek":1,"TimeSlotId":10},{"DayOfWeek":2,"TimeSlotId":10},{"DayOfWeek":3,"TimeSlotId":10},{"DayOfWeek":4,"TimeSlotId":10},{"DayOfWeek":5,"TimeSlotId":10},{"DayOfWeek":6,"TimeSlotId":10},{"DayOfWeek":7,"TimeSlotId":10},{"DayOfWeek":1,"TimeSlotId":11},{"DayOfWeek":2,"TimeSlotId":11},{"DayOfWeek":3,"TimeSlotId":11},{"DayOfWeek":4,"TimeSlotId":11},{"DayOfWeek":5,"TimeSlotId":11},{"DayOfWeek":6,"TimeSlotId":11},{"DayOfWeek":7,"TimeSlotId":11},{"DayOfWeek":1,"TimeSlotId":13},{"DayOfWeek":2,"TimeSlotId":13},{"DayOfWeek":3,"TimeSlotId":13},{"DayOfWeek":4,"TimeSlotId":13},{"DayOfWeek":5,"TimeSlotId":13},{"DayOfWeek":6,"TimeSlotId":13},{"DayOfWeek":7,"TimeSlotId":13},{"DayOfWeek":1,"TimeSlotId":14},{"DayOfWeek":2,"TimeSlotId":14},{"DayOfWeek":3,"TimeSlotId":14},{"DayOfWeek":4,"TimeSlotId":14},{"DayOfWeek":5,"TimeSlotId":14},{"DayOfWeek":6,"TimeSlotId":14},{"DayOfWeek":7,"TimeSlotId":14}]
[INFO] 2025-12-22 01:47:41 - Decode edilen slot sayısı: 70
[INFO] 2025-12-22 01:47:41 - Silinen mevcut kayıt sayısı: 0
[INFO] 2025-12-22 01:47:41 - Eklenen müsaitlik: TeacherId=1, Day=1, TimeSlot=1
[INFO] 2025-12-22 01:47:41 - Eklenen müsaitlik: TeacherId=1, Day=2, TimeSlot=1
[INFO] 2025-12-22 01:47:41 - Eklenen müsaitlik: TeacherId=1, Day=3, TimeSlot=1
[INFO] 2025-12-22 01:47:41 - Eklenen müsaitlik: TeacherId=1, Day=4, TimeSlot=1
[INFO] 2025-12-22 01:47:41 - Eklenen müsaitlik: TeacherId=1, Day=5, TimeSlot=1
[INFO] 2025-12-22 01:47:41 - Eklenen müsaitlik: TeacherId=1, Day=6, TimeSlot=1
[INFO] 2025-12-22 01:47:41 - Eklenen müsaitlik: TeacherId=1, Day=7, TimeSlot=1
[INFO] 2025-12-22 01:47:41 - Eklenen müsaitlik: TeacherId=1, Day=1, TimeSlot=2
[INFO] 2025-12-22 01:47:41 - Eklenen müsaitlik: TeacherId=1, Day=2, TimeSlot=2
[INFO] 2025-12-22 01:47:41 - Eklenen müsaitlik: TeacherId=1, Day=3, TimeSlot=2
[INFO] 2025-12-22 01:47:41 - Eklenen müsaitlik: TeacherId=1, Day=4, TimeSlot=2
[INFO] 2025-12-22 01:47:41 - Eklenen müsaitlik: TeacherId=1, Day=5, TimeSlot=2
[INFO] 2025-12-22 01:47:41 - Eklenen müsaitlik: TeacherId=1, Day=6, TimeSlot=2
[INFO] 2025-12-22 01:47:41 - Eklenen müsaitlik: TeacherId=1, Day=7, TimeSlot=2
[INFO] 2025-12-22 01:47:41 - Eklenen müsaitlik: TeacherId=1, Day=1, TimeSlot=4
[INFO] 2025-12-22 01:47:41 - Eklenen müsaitlik: TeacherId=1, Day=2, TimeSlot=4
[INFO] 2025-12-22 01:47:41 - Eklenen müsaitlik: TeacherId=1, Day=3, TimeSlot=4
[INFO] 2025-12-22 01:47:41 - Eklenen müsaitlik: TeacherId=1, Day=4, TimeSlot=4
[INFO] 2025-12-22 01:47:41 - Eklenen müsaitlik: TeacherId=1, Day=5, TimeSlot=4
[INFO] 2025-12-22 01:47:41 - Eklenen müsaitlik: TeacherId=1, Day=6, TimeSlot=4
[INFO] 2025-12-22 01:47:41 - Eklenen müsaitlik: TeacherId=1, Day=7, TimeSlot=4
[INFO] 2025-12-22 01:47:41 - Eklenen müsaitlik: TeacherId=1, Day=1, TimeSlot=5
[INFO] 2025-12-22 01:47:41 - Eklenen müsaitlik: TeacherId=1, Day=2, TimeSlot=5
[INFO] 2025-12-22 01:47:41 - Eklenen müsaitlik: TeacherId=1, Day=3, TimeSlot=5
[INFO] 2025-12-22 01:47:41 - Eklenen müsaitlik: TeacherId=1, Day=4, TimeSlot=5
[INFO] 2025-12-22 01:47:41 - Eklenen müsaitlik: TeacherId=1, Day=5, TimeSlot=5
[INFO] 2025-12-22 01:47:41 - Eklenen müsaitlik: TeacherId=1, Day=6, TimeSlot=5
[INFO] 2025-12-22 01:47:41 - Eklenen müsaitlik: TeacherId=1, Day=7, TimeSlot=5
[INFO] 2025-12-22 01:47:41 - Eklenen müsaitlik: TeacherId=1, Day=1, TimeSlot=7
[INFO] 2025-12-22 01:47:41 - Eklenen müsaitlik: TeacherId=1, Day=2, TimeSlot=7
[INFO] 2025-12-22 01:47:41 - Eklenen müsaitlik: TeacherId=1, Day=3, TimeSlot=7
[INFO] 2025-12-22 01:47:41 - Eklenen müsaitlik: TeacherId=1, Day=4, TimeSlot=7
[INFO] 2025-12-22 01:47:41 - Eklenen müsaitlik: TeacherId=1, Day=5, TimeSlot=7
[INFO] 2025-12-22 01:47:41 - Eklenen müsaitlik: TeacherId=1, Day=6, TimeSlot=7
[INFO] 2025-12-22 01:47:41 - Eklenen müsaitlik: TeacherId=1, Day=7, TimeSlot=7
[INFO] 2025-12-22 01:47:41 - Eklenen müsaitlik: TeacherId=1, Day=1, TimeSlot=8
[INFO] 2025-12-22 01:47:41 - Eklenen müsaitlik: TeacherId=1, Day=2, TimeSlot=8
[INFO] 2025-12-22 01:47:41 - Eklenen müsaitlik: TeacherId=1, Day=3, TimeSlot=8
[INFO] 2025-12-22 01:47:41 - Eklenen müsaitlik: TeacherId=1, Day=4, TimeSlot=8
[INFO] 2025-12-22 01:47:41 - Eklenen müsaitlik: TeacherId=1, Day=5, TimeSlot=8
[INFO] 2025-12-22 01:47:41 - Eklenen müsaitlik: TeacherId=1, Day=6, TimeSlot=8
[INFO] 2025-12-22 01:47:41 - Eklenen müsaitlik: TeacherId=1, Day=7, TimeSlot=8
[INFO] 2025-12-22 01:47:41 - Eklenen müsaitlik: TeacherId=1, Day=1, TimeSlot=10
[INFO] 2025-12-22 01:47:41 - Eklenen müsaitlik: TeacherId=1, Day=2, TimeSlot=10
[INFO] 2025-12-22 01:47:41 - Eklenen müsaitlik: TeacherId=1, Day=3, TimeSlot=10
[INFO] 2025-12-22 01:47:41 - Eklenen müsaitlik: TeacherId=1, Day=4, TimeSlot=10
[INFO] 2025-12-22 01:47:41 - Eklenen müsaitlik: TeacherId=1, Day=5, TimeSlot=10
[INFO] 2025-12-22 01:47:41 - Eklenen müsaitlik: TeacherId=1, Day=6, TimeSlot=10
[INFO] 2025-12-22 01:47:41 - Eklenen müsaitlik: TeacherId=1, Day=7, TimeSlot=10
[INFO] 2025-12-22 01:47:41 - Eklenen müsaitlik: TeacherId=1, Day=1, TimeSlot=11
[INFO] 2025-12-22 01:47:41 - Eklenen müsaitlik: TeacherId=1, Day=2, TimeSlot=11
[INFO] 2025-12-22 01:47:41 - Eklenen müsaitlik: TeacherId=1, Day=3, TimeSlot=11
[INFO] 2025-12-22 01:47:41 - Eklenen müsaitlik: TeacherId=1, Day=4, TimeSlot=11
[INFO] 2025-12-22 01:47:41 - Eklenen müsaitlik: TeacherId=1, Day=5, TimeSlot=11
[INFO] 2025-12-22 01:47:41 - Eklenen müsaitlik: TeacherId=1, Day=6, TimeSlot=11
[INFO] 2025-12-22 01:47:41 - Eklenen müsaitlik: TeacherId=1, Day=7, TimeSlot=11
[INFO] 2025-12-22 01:47:41 - Eklenen müsaitlik: TeacherId=1, Day=1, TimeSlot=13
[INFO] 2025-12-22 01:47:41 - Eklenen müsaitlik: TeacherId=1, Day=2, TimeSlot=13
[INFO] 2025-12-22 01:47:41 - Eklenen müsaitlik: TeacherId=1, Day=3, TimeSlot=13
[INFO] 2025-12-22 01:47:41 - Eklenen müsaitlik: TeacherId=1, Day=4, TimeSlot=13
[INFO] 2025-12-22 01:47:41 - Eklenen müsaitlik: TeacherId=1, Day=5, TimeSlot=13
[INFO] 2025-12-22 01:47:41 - Eklenen müsaitlik: TeacherId=1, Day=6, TimeSlot=13
[INFO] 2025-12-22 01:47:41 - Eklenen müsaitlik: TeacherId=1, Day=7, TimeSlot=13
[INFO] 2025-12-22 01:47:41 - Eklenen müsaitlik: TeacherId=1, Day=1, TimeSlot=14
[INFO] 2025-12-22 01:47:41 - Eklenen müsaitlik: TeacherId=1, Day=2, TimeSlot=14
[INFO] 2025-12-22 01:47:41 - Eklenen müsaitlik: TeacherId=1, Day=3, TimeSlot=14
[INFO] 2025-12-22 01:47:41 - Eklenen müsaitlik: TeacherId=1, Day=4, TimeSlot=14
[INFO] 2025-12-22 01:47:41 - Eklenen müsaitlik: TeacherId=1, Day=5, TimeSlot=14
[INFO] 2025-12-22 01:47:41 - Eklenen müsaitlik: TeacherId=1, Day=6, TimeSlot=14
[INFO] 2025-12-22 01:47:41 - Eklenen müsaitlik: TeacherId=1, Day=7, TimeSlot=14
[INFO] 2025-12-22 01:47:41 - SaveChanges başarılı! Toplam 70 kayıt eklendi.
[INFO] 2025-12-22 01:47:41 - Veritabanında kayıtlı müsaitlik sayısı: 70
