[INFO] 2025-12-25 00:47:32 - Admin Index page accessed by user: admin
[INFO] 2025-12-25 00:47:34 - Admin Index page accessed by user: admin
[INFO] 2025-12-25 00:47:34 - Admin Index page accessed by user: admin
[INFO] 2025-12-25 00:47:34 - GetChartData - Today: 2025-12-25, DayOfWeek: Thursday, thisWeekStart: 2025-12-22
[INFO] 2025-12-25 00:47:34 - GetRecentSessions called
[INFO] 2025-12-25 00:47:34 - GetRecentSessions found 10 sessions
[INFO] 2025-12-25 00:47:34 - GetChartData - Mon (2025-12-22): 6 sessions
[INFO] 2025-12-25 00:47:34 - GetChartData - Tue (2025-12-23): 3 sessions
[INFO] 2025-12-25 00:47:34 - GetChartData - Wed (2025-12-24): 8 sessions
[INFO] 2025-12-25 00:47:34 - GetChartData - Thu (2025-12-25): 4 sessions
[INFO] 2025-12-25 00:47:34 - GetChartData - Fri (2025-12-26): 10 sessions
[INFO] 2025-12-25 00:47:34 - GetChartData - Sat (2025-12-27): 2 sessions
[INFO] 2025-12-25 00:47:34 - GetChartData - Sun (2025-12-28): 0 sessions
[INFO] 2025-12-25 00:47:38 - Admin Index page accessed by user: admin
[INFO] 2025-12-25 00:47:42 - Admin Index page accessed by user: admin
[INFO] 2025-12-25 00:47:46 - Admin Index page accessed by user: admin
[INFO] 2025-12-25 00:47:49 - Admin Index page accessed by user: admin
[INFO] 2025-12-25 00:47:51 - Admin Index page accessed by user: admin
[INFO] 2025-12-25 00:47:52 - Admin Index page accessed by user: admin
[INFO] 2025-12-25 00:47:54 - Admin Index page accessed by user: admin
[INFO] 2025-12-25 00:47:57 - Admin Index page accessed by user: admin
[INFO] 2025-12-25 00:48:03 - Admin Index page accessed by user: admin
[INFO] 2025-12-25 00:48:03 - GetRecentSessions called
[INFO] 2025-12-25 00:48:03 - GetRecentSessions found 10 sessions
[INFO] 2025-12-25 00:48:03 - GetChartData - Today: 2025-12-25, DayOfWeek: Thursday, thisWeekStart: 2025-12-22
[INFO] 2025-12-25 00:48:03 - GetChartData - Mon (2025-12-22): 6 sessions
[INFO] 2025-12-25 00:48:03 - GetChartData - Tue (2025-12-23): 3 sessions
[INFO] 2025-12-25 00:48:03 - Admin Index page accessed by user: admin
[INFO] 2025-12-25 00:48:03 - GetChartData - Wed (2025-12-24): 8 sessions
[INFO] 2025-12-25 00:48:03 - GetChartData - Thu (2025-12-25): 4 sessions
[INFO] 2025-12-25 00:48:03 - GetChartData - Fri (2025-12-26): 10 sessions
[INFO] 2025-12-25 00:48:03 - GetChartData - Sat (2025-12-27): 2 sessions
[INFO] 2025-12-25 00:48:03 - GetChartData - Sun (2025-12-28): 0 sessions
[INFO] 2025-12-25 00:48:06 - Admin Index page accessed by user: admin
[INFO] 2025-12-25 00:48:10 - Admin Index page accessed by user: admin
[INFO] 2025-12-25 00:48:39 - Admin Index page accessed by user: admin
[INFO] 2025-12-25 00:48:55 - Admin Index page accessed by user: admin
[INFO] 2025-12-25 00:49:01 - Admin Index page accessed by user: admin
[INFO] 2025-12-25 00:49:03 - Admin Index page accessed by user: admin
[INFO] 2025-12-25 00:49:05 - Admin Index page accessed by user: admin
[INFO] 2025-12-25 00:53:53 - Admin Index page accessed by user: admin
[INFO] 2025-12-25 00:53:53 - GetRecentSessions called
[INFO] 2025-12-25 00:53:53 - GetChartData - Today: 2025-12-25, DayOfWeek: Thursday, thisWeekStart: 2025-12-22
[INFO] 2025-12-25 00:53:53 - Admin Index page accessed by user: admin
[INFO] 2025-12-25 00:53:53 - GetRecentSessions found 10 sessions
[INFO] 2025-12-25 00:53:53 - GetChartData - Mon (2025-12-22): 6 sessions
[INFO] 2025-12-25 00:53:53 - GetChartData - Tue (2025-12-23): 3 sessions
[INFO] 2025-12-25 00:53:53 - GetChartData - Wed (2025-12-24): 8 sessions
[INFO] 2025-12-25 00:53:53 - GetChartData - Thu (2025-12-25): 4 sessions
[INFO] 2025-12-25 00:53:53 - GetChartData - Fri (2025-12-26): 10 sessions
[INFO] 2025-12-25 00:53:53 - GetChartData - Sat (2025-12-27): 2 sessions
[INFO] 2025-12-25 00:53:53 - GetChartData - Sun (2025-12-28): 0 sessions
[INFO] 2025-12-25 01:05:17 - Admin Index page accessed by user: admin
[INFO] 2025-12-25 01:05:18 - GetRecentSessions called
[INFO] 2025-12-25 01:05:18 - GetChartData - Today: 2025-12-25, DayOfWeek: Thursday, thisWeekStart: 2025-12-22
[INFO] 2025-12-25 01:05:18 - Admin Index page accessed by user: admin
[INFO] 2025-12-25 01:05:19 - GetRecentSessions found 10 sessions
[INFO] 2025-12-25 01:05:19 - GetChartData - Mon (2025-12-22): 6 sessions
[INFO] 2025-12-25 01:05:19 - GetChartData - Tue (2025-12-23): 3 sessions
[INFO] 2025-12-25 01:05:19 - GetChartData - Wed (2025-12-24): 8 sessions
[INFO] 2025-12-25 01:05:19 - GetChartData - Thu (2025-12-25): 4 sessions
[INFO] 2025-12-25 01:05:19 - GetChartData - Fri (2025-12-26): 10 sessions
[INFO] 2025-12-25 01:05:19 - GetChartData - Sat (2025-12-27): 2 sessions
[INFO] 2025-12-25 01:05:19 - GetChartData - Sun (2025-12-28): 0 sessions
[INFO] 2025-12-25 01:05:21 - Admin Index page accessed by user: admin
[INFO] 2025-12-25 01:05:26 - Admin Index page accessed by user: admin
[INFO] 2025-12-25 01:05:28 - Admin Index page accessed by user: admin
[INFO] 2025-12-25 01:05:31 - Admin Index page accessed by user: admin
[INFO] 2025-12-25 01:05:35 - Admin Index page accessed by user: admin
[INFO] 2025-12-25 01:05:44 - Admin Index page accessed by user: admin
[INFO] 2025-12-25 01:05:47 - Admin Index page accessed by user: admin
[INFO] 2025-12-25 01:05:48 - Admin Index page accessed by user: admin
[INFO] 2025-12-25 01:06:09 - Admin Index page accessed by user: admin
[INFO] 2025-12-25 01:06:10 - GetRecentSessions called
[INFO] 2025-12-25 01:06:10 - GetRecentSessions found 10 sessions
[INFO] 2025-12-25 01:06:10 - GetChartData - Today: 2025-12-25, DayOfWeek: Thursday, thisWeekStart: 2025-12-22
[INFO] 2025-12-25 01:06:10 - GetChartData - Mon (2025-12-22): 6 sessions
[INFO] 2025-12-25 01:06:10 - Admin Index page accessed by user: admin
[INFO] 2025-12-25 01:06:10 - GetChartData - Tue (2025-12-23): 3 sessions
[INFO] 2025-12-25 01:06:10 - GetChartData - Wed (2025-12-24): 8 sessions
[INFO] 2025-12-25 01:06:10 - GetChartData - Thu (2025-12-25): 4 sessions
[INFO] 2025-12-25 01:06:10 - GetChartData - Fri (2025-12-26): 10 sessions
[INFO] 2025-12-25 01:06:10 - GetChartData - Sat (2025-12-27): 2 sessions
[INFO] 2025-12-25 01:06:10 - GetChartData - Sun (2025-12-28): 0 sessions
[INFO] 2025-12-25 01:06:12 - Admin Index page accessed by user: admin
[INFO] 2025-12-25 01:07:11 - Admin Index page accessed by user: admin
[INFO] 2025-12-25 01:07:12 - Admin Index page accessed by user: admin
[INFO] 2025-12-25 01:07:15 - Admin Index page accessed by user: admin
[INFO] 2025-12-25 01:08:26 - Admin Index page accessed by user: admin
[INFO] 2025-12-25 01:11:06 - Admin Index page accessed by user: admin
[INFO] 2025-12-25 01:11:49 - Admin Index page accessed by user: admin
[INFO] 2025-12-25 01:11:50 - Admin Index page accessed by user: admin
[INFO] 2025-12-25 01:11:54 - Admin Index page accessed by user: admin
[INFO] 2025-12-25 01:12:05 - Öğrenci güncellendi: Ali Acar (ID: 14)
[INFO] 2025-12-25 01:12:06 - Admin Index page accessed by user: admin
[INFO] 2025-12-25 01:16:44 - Admin Index page accessed by user: admin
[INFO] 2025-12-25 01:24:49 - Admin Index page accessed by user: admin
[INFO] 2025-12-25 01:24:55 - Öğrenci güncellendi: Ali Acar (ID: 14)
[INFO] 2025-12-25 01:24:57 - Admin Index page accessed by user: admin
[INFO] 2025-12-25 01:25:01 - Admin Index page accessed by user: admin
[INFO] 2025-12-25 01:25:01 - GetRecentSessions called
[INFO] 2025-12-25 01:25:01 - GetRecentSessions found 10 sessions
[INFO] 2025-12-25 01:25:01 - GetChartData - Today: 2025-12-25, DayOfWeek: Thursday, thisWeekStart: 2025-12-22
[INFO] 2025-12-25 01:25:01 - GetChartData - Mon (2025-12-22): 6 sessions
[INFO] 2025-12-25 01:25:01 - GetChartData - Tue (2025-12-23): 3 sessions
[INFO] 2025-12-25 01:25:01 - GetChartData - Wed (2025-12-24): 8 sessions
[INFO] 2025-12-25 01:25:01 - GetChartData - Thu (2025-12-25): 4 sessions
[INFO] 2025-12-25 01:25:01 - Admin Index page accessed by user: admin
[INFO] 2025-12-25 01:25:01 - GetChartData - Fri (2025-12-26): 10 sessions
[INFO] 2025-12-25 01:25:01 - GetChartData - Sat (2025-12-27): 2 sessions
[INFO] 2025-12-25 01:25:01 - GetChartData - Sun (2025-12-28): 0 sessions
[INFO] 2025-12-25 02:25:53 - Admin Index page accessed by user: admin
[INFO] 2025-12-25 02:25:55 - Admin Index page accessed by user: admin
[INFO] 2025-12-25 02:26:03 - Admin Index page accessed by user: admin
[INFO] 2025-12-25 02:26:04 - Admin Index page accessed by user: admin
[INFO] 2025-12-25 02:26:13 - Admin Index page accessed by user: admin
[INFO] 2025-12-25 02:26:23 - Admin Index page accessed by user: admin
[INFO] 2025-12-25 02:26:25 - Admin Index page accessed by user: admin
[INFO] 2025-12-25 02:28:16 - Admin Index page accessed by user: admin
[INFO] 2025-12-25 02:28:27 - Admin Index page accessed by user: admin
[INFO] 2025-12-25 02:28:28 - Admin Index page accessed by user: admin
[INFO] 2025-12-25 02:28:29 - Admin Index page accessed by user: admin
[INFO] 2025-12-25 02:28:36 - Admin Index page accessed by user: admin
[INFO] 2025-12-25 02:28:38 - Admin Index page accessed by user: admin
[INFO] 2025-12-25 02:28:39 - GetRecentSessions called
[INFO] 2025-12-25 02:28:39 - GetChartData - Today: 2025-12-25, DayOfWeek: Thursday, thisWeekStart: 2025-12-22
[INFO] 2025-12-25 02:28:39 - GetRecentSessions found 10 sessions
[INFO] 2025-12-25 02:28:39 - Admin Index page accessed by user: admin
[INFO] 2025-12-25 02:28:39 - GetChartData - Mon (2025-12-22): 6 sessions
[INFO] 2025-12-25 02:28:39 - GetChartData - Tue (2025-12-23): 3 sessions
[INFO] 2025-12-25 02:28:39 - GetChartData - Wed (2025-12-24): 8 sessions
[INFO] 2025-12-25 02:28:39 - GetChartData - Thu (2025-12-25): 4 sessions
[INFO] 2025-12-25 02:28:39 - GetChartData - Fri (2025-12-26): 10 sessions
[INFO] 2025-12-25 02:28:39 - GetChartData - Sat (2025-12-27): 2 sessions
[INFO] 2025-12-25 02:28:39 - GetChartData - Sun (2025-12-28): 0 sessions
[INFO] 2025-12-25 02:28:53 - Admin Index page accessed by user: admin
[INFO] 2025-12-25 02:29:20 - Admin Index page accessed by user: admin
[INFO] 2025-12-25 02:29:21 - GetRecentSessions called
[INFO] 2025-12-25 02:29:21 - GetRecentSessions found 10 sessions
[INFO] 2025-12-25 02:29:21 - GetChartData - Today: 2025-12-25, DayOfWeek: Thursday, thisWeekStart: 2025-12-22
[INFO] 2025-12-25 02:29:21 - GetChartData - Mon (2025-12-22): 6 sessions
[INFO] 2025-12-25 02:29:21 - GetChartData - Tue (2025-12-23): 3 sessions
[INFO] 2025-12-25 02:29:21 - GetChartData - Wed (2025-12-24): 8 sessions
[INFO] 2025-12-25 02:29:21 - GetChartData - Thu (2025-12-25): 4 sessions
[INFO] 2025-12-25 02:29:21 - Admin Index page accessed by user: admin
[INFO] 2025-12-25 02:29:21 - GetChartData - Fri (2025-12-26): 10 sessions
[INFO] 2025-12-25 02:29:21 - GetChartData - Sat (2025-12-27): 2 sessions
[INFO] 2025-12-25 02:29:21 - GetChartData - Sun (2025-12-28): 0 sessions
[INFO] 2025-12-25 02:29:22 - Admin Index page accessed by user: admin
[INFO] 2025-12-25 02:29:29 - Admin Index page accessed by user: admin
[INFO] 2025-12-25 02:29:36 - Admin Index page accessed by user: admin
[INFO] 2025-12-25 02:29:36 - Admin Index page accessed by user: admin
[INFO] 2025-12-25 02:29:45 - Admin Index page accessed by user: admin
[INFO] 2025-12-25 02:29:48 - Admin Index page accessed by user: admin
[INFO] 2025-12-25 02:29:50 - Admin Index page accessed by user: admin
[INFO] 2025-12-25 02:30:02 - Admin Index page accessed by user: admin
[INFO] 2025-12-25 02:30:17 - Admin Index page accessed by user: admin
[INFO] 2025-12-25 02:30:20 - Admin Index page accessed by user: admin
[INFO] 2025-12-25 02:30:22 - Admin Index page accessed by user: admin
[INFO] 2025-12-25 02:30:23 - Admin Index page accessed by user: admin
[INFO] 2025-12-25 02:30:26 - Admin Index page accessed by user: admin
[INFO] 2025-12-25 02:30:41 - Admin Index page accessed by user: admin
[INFO] 2025-12-25 02:30:48 - Admin Index page accessed by user: admin
[INFO] 2025-12-25 02:30:50 - Admin Index page accessed by user: admin
[INFO] 2025-12-25 02:31:10 - Admin Index page accessed by user: admin
[INFO] 2025-12-25 02:31:23 - Admin Index page accessed by user: admin
[INFO] 2025-12-25 02:31:43 - Admin Index page accessed by user: admin
[INFO] 2025-12-25 02:31:43 - GetRecentSessions called
[INFO] 2025-12-25 02:31:43 - GetRecentSessions found 10 sessions
[INFO] 2025-12-25 02:31:43 - GetChartData - Today: 2025-12-25, DayOfWeek: Thursday, thisWeekStart: 2025-12-22
[INFO] 2025-12-25 02:31:43 - GetChartData - Mon (2025-12-22): 6 sessions
[INFO] 2025-12-25 02:31:43 - Admin Index page accessed by user: admin
[INFO] 2025-12-25 02:31:43 - GetChartData - Tue (2025-12-23): 3 sessions
[INFO] 2025-12-25 02:31:43 - GetChartData - Wed (2025-12-24): 8 sessions
[INFO] 2025-12-25 02:31:43 - GetChartData - Thu (2025-12-25): 4 sessions
[INFO] 2025-12-25 02:31:43 - GetChartData - Fri (2025-12-26): 10 sessions
[INFO] 2025-12-25 02:31:43 - GetChartData - Sat (2025-12-27): 2 sessions
[INFO] 2025-12-25 02:31:43 - GetChartData - Sun (2025-12-28): 0 sessions
[INFO] 2025-12-25 02:31:46 - Admin Index page accessed by user: admin
[INFO] 2025-12-25 02:31:47 - Admin Index page accessed by user: admin
[INFO] 2025-12-25 02:31:59 - Admin Index page accessed by user: admin
[INFO] 2025-12-25 02:32:01 - Admin Index page accessed by user: admin
[INFO] 2025-12-25 02:32:03 - Admin Index page accessed by user: admin
[INFO] 2025-12-25 02:32:23 - Admin Index page accessed by user: admin
[INFO] 2025-12-25 02:32:24 - Admin Index page accessed by user: admin
[INFO] 2025-12-25 02:32:25 - Admin Index page accessed by user: admin
[INFO] 2025-12-25 02:32:25 - GetRecentSessions called
[INFO] 2025-12-25 02:32:25 - GetRecentSessions found 10 sessions
[INFO] 2025-12-25 02:32:25 - GetChartData - Today: 2025-12-25, DayOfWeek: Thursday, thisWeekStart: 2025-12-22
[INFO] 2025-12-25 02:32:25 - GetChartData - Mon (2025-12-22): 6 sessions
[INFO] 2025-12-25 02:32:25 - GetChartData - Tue (2025-12-23): 3 sessions
[INFO] 2025-12-25 02:32:25 - GetChartData - Wed (2025-12-24): 8 sessions
[INFO] 2025-12-25 02:32:25 - GetChartData - Thu (2025-12-25): 4 sessions
[INFO] 2025-12-25 02:32:25 - GetChartData - Fri (2025-12-26): 10 sessions
[INFO] 2025-12-25 02:32:25 - GetChartData - Sat (2025-12-27): 2 sessions
[INFO] 2025-12-25 02:32:25 - GetChartData - Sun (2025-12-28): 0 sessions
[INFO] 2025-12-25 02:32:42 - Admin Index page accessed by user: admin
[INFO] 2025-12-25 02:32:42 - GetRecentSessions called
[INFO] 2025-12-25 02:32:42 - GetChartData - Today: 2025-12-25, DayOfWeek: Thursday, thisWeekStart: 2025-12-22
[INFO] 2025-12-25 02:32:42 - GetRecentSessions found 10 sessions
[INFO] 2025-12-25 02:32:42 - GetChartData - Mon (2025-12-22): 6 sessions
[INFO] 2025-12-25 02:32:42 - GetChartData - Tue (2025-12-23): 3 sessions
[INFO] 2025-12-25 02:32:42 - Admin Index page accessed by user: admin
[INFO] 2025-12-25 02:32:42 - GetChartData - Wed (2025-12-24): 8 sessions
[INFO] 2025-12-25 02:32:42 - GetChartData - Thu (2025-12-25): 4 sessions
[INFO] 2025-12-25 02:32:42 - GetChartData - Fri (2025-12-26): 10 sessions
[INFO] 2025-12-25 02:32:42 - GetChartData - Sat (2025-12-27): 2 sessions
[INFO] 2025-12-25 02:32:42 - GetChartData - Sun (2025-12-28): 0 sessions
[INFO] 2025-12-25 02:32:44 - Admin Index page accessed by user: admin
[INFO] 2025-12-25 02:32:51 - Admin Index page accessed by user: admin
[INFO] 2025-12-25 02:32:53 - Admin Index page accessed by user: admin
[INFO] 2025-12-25 02:33:07 - Admin Index page accessed by user: admin
[INFO] 2025-12-25 02:33:09 - Admin Index page accessed by user: admin
[INFO] 2025-12-25 02:33:31 - Admin Index page accessed by user: admin
[INFO] 2025-12-25 02:33:37 - Admin Index page accessed by user: admin
[INFO] 2025-12-25 02:33:45 - Admin Index page accessed by user: admin
[INFO] 2025-12-25 02:33:45 - GetRecentSessions called
[INFO] 2025-12-25 02:33:45 - GetRecentSessions found 10 sessions
[INFO] 2025-12-25 02:33:45 - GetChartData - Today: 2025-12-25, DayOfWeek: Thursday, thisWeekStart: 2025-12-22
[INFO] 2025-12-25 02:33:45 - GetChartData - Mon (2025-12-22): 6 sessions
[INFO] 2025-12-25 02:33:45 - Admin Index page accessed by user: admin
[INFO] 2025-12-25 02:33:45 - GetChartData - Tue (2025-12-23): 3 sessions
[INFO] 2025-12-25 02:33:45 - GetChartData - Wed (2025-12-24): 8 sessions
[INFO] 2025-12-25 02:33:45 - GetChartData - Thu (2025-12-25): 4 sessions
[INFO] 2025-12-25 02:33:45 - GetChartData - Fri (2025-12-26): 10 sessions
[INFO] 2025-12-25 02:33:45 - GetChartData - Sat (2025-12-27): 2 sessions
[INFO] 2025-12-25 02:33:45 - GetChartData - Sun (2025-12-28): 0 sessions
[INFO] 2025-12-25 02:33:50 - Admin Index page accessed by user: admin
[INFO] 2025-12-25 02:33:53 - Admin Index page accessed by user: admin
[INFO] 2025-12-25 02:34:02 - Admin Index page accessed by user: admin
[INFO] 2025-12-25 02:34:21 - Admin Index page accessed by user: admin
[INFO] 2025-12-25 02:35:17 - Admin Index page accessed by user: admin
[INFO] 2025-12-25 02:36:02 - Admin Index page accessed by user: admin
[INFO] 2025-12-25 02:36:03 - Admin Index page accessed by user: admin
[INFO] 2025-12-25 02:36:07 - Admin Index page accessed by user: admin
[INFO] 2025-12-25 02:36:21 - Admin Index page accessed by user: admin
[INFO] 2025-12-25 02:36:29 - Admin Index page accessed by user: admin
[INFO] 2025-12-25 02:36:33 - Admin Index page accessed by user: admin
[INFO] 2025-12-25 02:36:35 - Admin Index page accessed by user: admin
[INFO] 2025-12-25 02:36:39 - Admin Index page accessed by user: admin
[INFO] 2025-12-25 02:36:39 - GetRecentSessions called
[INFO] 2025-12-25 02:36:39 - GetRecentSessions found 10 sessions
[INFO] 2025-12-25 02:36:39 - GetChartData - Today: 2025-12-25, DayOfWeek: Thursday, thisWeekStart: 2025-12-22
[INFO] 2025-12-25 02:36:39 - GetChartData - Mon (2025-12-22): 6 sessions
[INFO] 2025-12-25 02:36:39 - GetChartData - Tue (2025-12-23): 3 sessions
[INFO] 2025-12-25 02:36:39 - GetChartData - Wed (2025-12-24): 8 sessions
[INFO] 2025-12-25 02:36:39 - Admin Index page accessed by user: admin
[INFO] 2025-12-25 02:36:39 - GetChartData - Thu (2025-12-25): 4 sessions
[INFO] 2025-12-25 02:36:39 - GetChartData - Fri (2025-12-26): 10 sessions
[INFO] 2025-12-25 02:36:39 - GetChartData - Sat (2025-12-27): 2 sessions
[INFO] 2025-12-25 02:36:39 - GetChartData - Sun (2025-12-28): 0 sessions
[INFO] 2025-12-25 02:36:42 - Admin Index page accessed by user: admin
[INFO] 2025-12-25 02:36:55 - Admin Index page accessed by user: admin
[INFO] 2025-12-25 02:36:59 - Admin Index page accessed by user: admin
[INFO] 2025-12-25 02:37:11 - Admin Index page accessed by user: admin
[INFO] 2025-12-25 02:37:14 - Admin Index page accessed by user: admin
[INFO] 2025-12-25 02:37:15 - GetRecentSessions called
[INFO] 2025-12-25 02:37:15 - GetRecentSessions found 10 sessions
[INFO] 2025-12-25 02:37:15 - GetChartData - Today: 2025-12-25, DayOfWeek: Thursday, thisWeekStart: 2025-12-22
[INFO] 2025-12-25 02:37:15 - GetChartData - Mon (2025-12-22): 6 sessions
[INFO] 2025-12-25 02:37:15 - GetChartData - Tue (2025-12-23): 3 sessions
[INFO] 2025-12-25 02:37:15 - GetChartData - Wed (2025-12-24): 8 sessions
[INFO] 2025-12-25 02:37:15 - Admin Index page accessed by user: admin
[INFO] 2025-12-25 02:37:15 - GetChartData - Thu (2025-12-25): 4 sessions
[INFO] 2025-12-25 02:37:15 - GetChartData - Fri (2025-12-26): 10 sessions
[INFO] 2025-12-25 02:37:15 - GetChartData - Sat (2025-12-27): 2 sessions
[INFO] 2025-12-25 02:37:15 - GetChartData - Sun (2025-12-28): 0 sessions
[INFO] 2025-12-25 02:37:29 - Admin Index page accessed by user: admin
[INFO] 2025-12-25 02:37:29 - GetRecentSessions called
[INFO] 2025-12-25 02:37:29 - GetChartData - Today: 2025-12-25, DayOfWeek: Thursday, thisWeekStart: 2025-12-22
[INFO] 2025-12-25 02:37:29 - GetRecentSessions found 10 sessions
[INFO] 2025-12-25 02:37:29 - Admin Index page accessed by user: admin
[INFO] 2025-12-25 02:37:29 - GetChartData - Mon (2025-12-22): 6 sessions
[INFO] 2025-12-25 02:37:29 - GetChartData - Tue (2025-12-23): 3 sessions
[INFO] 2025-12-25 02:37:29 - GetChartData - Wed (2025-12-24): 8 sessions
[INFO] 2025-12-25 02:37:29 - GetChartData - Thu (2025-12-25): 4 sessions
[INFO] 2025-12-25 02:37:29 - GetChartData - Fri (2025-12-26): 10 sessions
[INFO] 2025-12-25 02:37:29 - GetChartData - Sat (2025-12-27): 2 sessions
[INFO] 2025-12-25 02:37:29 - GetChartData - Sun (2025-12-28): 0 sessions
[INFO] 2025-12-25 02:37:31 - Admin Index page accessed by user: admin
[INFO] 2025-12-25 02:37:34 - Admin Index page accessed by user: admin
[INFO] 2025-12-25 02:39:00 - Admin Index page accessed by user: admin
[INFO] 2025-12-25 02:39:02 - Admin Index page accessed by user: admin
[INFO] 2025-12-25 02:39:10 - Admin Index page accessed by user: admin
[INFO] 2025-12-25 02:39:15 - Admin Index page accessed by user: admin
[INFO] 2025-12-25 02:39:23 - Admin Index page accessed by user: admin
[INFO] 2025-12-25 02:39:37 - Öğrenci güncellendi: Ali Acar (ID: 14)
[INFO] 2025-12-25 02:39:37 - Admin Index page accessed by user: admin
[INFO] 2025-12-25 02:39:41 - Admin Index page accessed by user: admin
[INFO] 2025-12-25 02:39:43 - Admin Index page accessed by user: admin
[INFO] 2025-12-25 02:40:01 - Admin Index page accessed by user: admin
[INFO] 2025-12-25 02:40:22 - Admin Index page accessed by user: admin
[INFO] 2025-12-25 02:41:10 - Admin Index page accessed by user: admin
[INFO] 2025-12-25 02:41:14 - Admin Index page accessed by user: admin
[INFO] 2025-12-25 02:41:14 - Admin Index page accessed by user: admin
[INFO] 2025-12-25 02:41:21 - Admin Index page accessed by user: admin
[INFO] 2025-12-25 02:41:24 - Admin Index page accessed by user: admin
[INFO] 2025-12-25 02:41:25 - Admin Index page accessed by user: admin
[INFO] 2025-12-25 02:41:33 - Admin Index page accessed by user: admin
[INFO] 2025-12-25 02:41:33 - Admin Index page accessed by user: admin
[INFO] 2025-12-25 02:41:39 - Admin Index page accessed by user: admin
[INFO] 2025-12-25 02:41:41 - Admin Index page accessed by user: admin
[INFO] 2025-12-25 02:41:51 - Admin Index page accessed by user: admin
[INFO] 2025-12-25 02:41:53 - Admin Index page accessed by user: admin
[INFO] 2025-12-25 02:42:03 - Öğrenci güncellendi: Ali Acar (ID: 14)
[INFO] 2025-12-25 02:42:03 - Admin Index page accessed by user: admin
[INFO] 2025-12-25 02:44:00 - Admin Index page accessed by user: admin
[INFO] 2025-12-25 02:44:04 - Admin Index page accessed by user: admin
[INFO] 2025-12-25 02:44:05 - Admin Index page accessed by user: admin
[INFO] 2025-12-25 02:44:18 - Admin Index page accessed by user: admin
[INFO] 2025-12-25 02:44:27 - Admin Index page accessed by user: admin
[INFO] 2025-12-25 02:44:29 - Admin Index page accessed by user: admin
[INFO] 2025-12-25 02:44:38 - Admin Index page accessed by user: admin
[INFO] 2025-12-25 02:45:24 - Admin Index page accessed by user: admin
[INFO] 2025-12-25 02:45:26 - Admin Index page accessed by user: admin
[INFO] 2025-12-25 02:46:40 - Admin Index page accessed by user: admin
[INFO] 2025-12-25 02:47:23 - Admin Index page accessed by user: admin
[INFO] 2025-12-25 02:47:23 - GetRecentSessions called
[INFO] 2025-12-25 02:47:23 - GetChartData - Today: 2025-12-25, DayOfWeek: Thursday, thisWeekStart: 2025-12-22
[INFO] 2025-12-25 02:47:23 - GetRecentSessions found 10 sessions
[INFO] 2025-12-25 02:47:23 - Admin Index page accessed by user: admin
[INFO] 2025-12-25 02:47:24 - GetChartData - Mon (2025-12-22): 6 sessions
[INFO] 2025-12-25 02:47:24 - GetChartData - Tue (2025-12-23): 3 sessions
[INFO] 2025-12-25 02:47:24 - GetChartData - Wed (2025-12-24): 8 sessions
[INFO] 2025-12-25 02:47:24 - GetChartData - Thu (2025-12-25): 4 sessions
[INFO] 2025-12-25 02:47:24 - GetChartData - Fri (2025-12-26): 10 sessions
[INFO] 2025-12-25 02:47:24 - GetChartData - Sat (2025-12-27): 2 sessions
[INFO] 2025-12-25 02:47:24 - GetChartData - Sun (2025-12-28): 0 sessions
[INFO] 2025-12-25 02:47:25 - Admin Index page accessed by user: admin
[INFO] 2025-12-25 02:47:39 - Admin Index page accessed by user: admin
[INFO] 2025-12-25 02:47:50 - Admin Index page accessed by user: admin
[INFO] 2025-12-25 02:47:52 - Admin Index page accessed by user: admin
[INFO] 2025-12-25 02:48:34 - Admin Index page accessed by user: admin
[INFO] 2025-12-25 02:48:40 - Admin Index page accessed by user: admin
[INFO] 2025-12-25 02:48:43 - Admin Index page accessed by user: admin
[INFO] 2025-12-25 02:48:43 - GetRecentSessions called
[INFO] 2025-12-25 02:48:43 - GetRecentSessions found 10 sessions
[INFO] 2025-12-25 02:48:43 - GetChartData - Today: 2025-12-25, DayOfWeek: Thursday, thisWeekStart: 2025-12-22
[INFO] 2025-12-25 02:48:43 - GetChartData - Mon (2025-12-22): 6 sessions
[INFO] 2025-12-25 02:48:43 - GetChartData - Tue (2025-12-23): 3 sessions
[INFO] 2025-12-25 02:48:43 - Admin Index page accessed by user: admin
[INFO] 2025-12-25 02:48:43 - GetChartData - Wed (2025-12-24): 8 sessions
[INFO] 2025-12-25 02:48:43 - GetChartData - Thu (2025-12-25): 4 sessions
[INFO] 2025-12-25 02:48:43 - GetChartData - Fri (2025-12-26): 10 sessions
[INFO] 2025-12-25 02:48:43 - GetChartData - Sat (2025-12-27): 2 sessions
[INFO] 2025-12-25 02:48:43 - GetChartData - Sun (2025-12-28): 0 sessions
[INFO] 2025-12-25 02:48:45 - Admin Index page accessed by user: admin
[INFO] 2025-12-25 02:48:51 - Admin Index page accessed by user: admin
[INFO] 2025-12-25 02:49:04 - Admin Index page accessed by user: admin
[INFO] 2025-12-25 02:49:16 - Admin Index page accessed by user: admin
[INFO] 2025-12-25 02:49:24 - Öğrenci güncellendi: Ali Acar (ID: 14)
[INFO] 2025-12-25 02:49:25 - Admin Index page accessed by user: admin
[INFO] 2025-12-25 02:49:30 - Admin Index page accessed by user: admin
[INFO] 2025-12-25 02:49:38 - Admin Index page accessed by user: admin
[INFO] 2025-12-25 02:49:53 - Admin Index page accessed by user: admin
[INFO] 2025-12-25 02:50:01 - Admin Index page accessed by user: admin
[INFO] 2025-12-25 02:50:06 - Admin Index page accessed by user: admin
[INFO] 2025-12-25 02:50:09 - Admin Index page accessed by user: admin
[INFO] 2025-12-25 02:50:41 - Admin Index page accessed by user: admin
[INFO] 2025-12-25 02:50:42 - Admin Index page accessed by user: admin
[INFO] 2025-12-25 03:09:00 - Admin Index page accessed by user: admin
[INFO] 2025-12-25 03:09:01 - Admin Index page accessed by user: admin
[INFO] 2025-12-25 03:09:02 - GetRecentSessions called
[INFO] 2025-12-25 03:09:02 - GetChartData - Today: 2025-12-25, DayOfWeek: Thursday, thisWeekStart: 2025-12-22
[INFO] 2025-12-25 03:09:02 - Admin Index page accessed by user: admin
[INFO] 2025-12-25 03:09:02 - GetRecentSessions found 10 sessions
[INFO] 2025-12-25 03:09:02 - GetChartData - Mon (2025-12-22): 6 sessions
[INFO] 2025-12-25 03:09:02 - GetChartData - Tue (2025-12-23): 3 sessions
[INFO] 2025-12-25 03:09:02 - GetChartData - Wed (2025-12-24): 8 sessions
[INFO] 2025-12-25 03:09:02 - GetChartData - Thu (2025-12-25): 4 sessions
[INFO] 2025-12-25 03:09:02 - GetChartData - Fri (2025-12-26): 10 sessions
[INFO] 2025-12-25 03:09:02 - GetChartData - Sat (2025-12-27): 2 sessions
[INFO] 2025-12-25 03:09:02 - GetChartData - Sun (2025-12-28): 0 sessions
[INFO] 2025-12-25 03:09:50 - Admin Index page accessed by user: admin
[INFO] 2025-12-25 03:09:53 - GetRecentSessions called
[INFO] 2025-12-25 03:09:53 - GetChartData - Today: 2025-12-25, DayOfWeek: Thursday, thisWeekStart: 2025-12-22
[INFO] 2025-12-25 03:09:53 - GetRecentSessions found 10 sessions
[INFO] 2025-12-25 03:09:53 - GetChartData - Mon (2025-12-22): 6 sessions
[INFO] 2025-12-25 03:09:53 - Admin Index page accessed by user: admin
[INFO] 2025-12-25 03:09:53 - GetChartData - Tue (2025-12-23): 3 sessions
[INFO] 2025-12-25 03:09:53 - GetChartData - Wed (2025-12-24): 8 sessions
[INFO] 2025-12-25 03:09:53 - GetChartData - Thu (2025-12-25): 4 sessions
[INFO] 2025-12-25 03:09:53 - GetChartData - Fri (2025-12-26): 10 sessions
[INFO] 2025-12-25 03:09:53 - GetChartData - Sat (2025-12-27): 2 sessions
[INFO] 2025-12-25 03:09:53 - GetChartData - Sun (2025-12-28): 0 sessions
[INFO] 2025-12-25 03:09:55 - Admin Index page accessed by user: admin
[INFO] 2025-12-25 03:10:07 - Admin Index page accessed by user: admin
[INFO] 2025-12-25 03:10:07 - GetRecentSessions called
[INFO] 2025-12-25 03:10:07 - GetRecentSessions found 10 sessions
[INFO] 2025-12-25 03:10:07 - GetChartData - Today: 2025-12-25, DayOfWeek: Thursday, thisWeekStart: 2025-12-22
[INFO] 2025-12-25 03:10:07 - GetChartData - Mon (2025-12-22): 6 sessions
[INFO] 2025-12-25 03:10:07 - GetChartData - Tue (2025-12-23): 3 sessions
[INFO] 2025-12-25 03:10:07 - GetChartData - Wed (2025-12-24): 8 sessions
[INFO] 2025-12-25 03:10:07 - GetChartData - Thu (2025-12-25): 4 sessions
[INFO] 2025-12-25 03:10:07 - GetChartData - Fri (2025-12-26): 10 sessions
[INFO] 2025-12-25 03:10:07 - Admin Index page accessed by user: admin
[INFO] 2025-12-25 03:10:07 - GetChartData - Sat (2025-12-27): 2 sessions
[INFO] 2025-12-25 03:10:07 - GetChartData - Sun (2025-12-28): 0 sessions
[INFO] 2025-12-25 03:10:08 - Admin Index page accessed by user: admin
[INFO] 2025-12-25 03:10:16 - Admin Index page accessed by user: admin
[INFO] 2025-12-25 03:10:39 - Admin Index page accessed by user: admin
[INFO] 2025-12-25 03:10:51 - Admin Index page accessed by user: admin
[INFO] 2025-12-25 03:10:52 - Admin Index page accessed by user: admin
[INFO] 2025-12-25 03:11:08 - Admin Index page accessed by user: admin
[INFO] 2025-12-25 03:11:13 - Admin Index page accessed by user: admin
[INFO] 2025-12-25 03:11:14 - Admin Index page accessed by user: admin
[INFO] 2025-12-25 03:11:33 - Öğrenci güncellendi: Ali Acar (ID: 14)
[INFO] 2025-12-25 03:11:34 - Admin Index page accessed by user: admin
[INFO] 2025-12-25 03:12:38 - Admin Index page accessed by user: admin
[INFO] 2025-12-25 03:13:05 - Admin Index page accessed by user: admin
[INFO] 2025-12-25 03:13:07 - Admin Index page accessed by user: admin
[INFO] 2025-12-25 03:13:08 - Admin Index page accessed by user: admin
[INFO] 2025-12-25 03:13:16 - Admin Index page accessed by user: admin
[INFO] 2025-12-25 03:13:19 - Admin Index page accessed by user: admin
[INFO] 2025-12-25 03:13:20 - Admin Index page accessed by user: admin
[INFO] 2025-12-25 03:15:00 - Admin Index page accessed by user: admin
[INFO] 2025-12-25 03:15:01 - Admin Index page accessed by user: admin
